[2009-09-19 17:49:33,375]DEBUG  1219[main] - org.hibernate.cfg.AnnotationBinder.processElementAnnotations(AnnotationBinder.java:1041) - Processing annotations of edu.unicen.surfforecaster.server.domain.entity.SurfSpotRegion.id
[2009-09-19 17:49:33,375]DEBUG  1219[main] - org.hibernate.cfg.Ejb3Column.bind(Ejb3Column.java:161) - Binding column id unique false
[2009-09-19 17:49:33,375]DEBUG  1219[main] - org.hibernate.cfg.AnnotationBinder.processElementAnnotations(AnnotationBinder.java:1162) - id is an id
[2009-09-19 17:49:33,375]DEBUG  1219[main] - org.hibernate.cfg.annotations.SimpleValueBinder.make(SimpleValueBinder.java:220) - building SimpleValue for id
[2009-09-19 17:49:33,375]DEBUG  1219[main] - org.hibernate.cfg.annotations.PropertyBinder.make(PropertyBinder.java:122) - Building property id
[2009-09-19 17:49:33,375]DEBUG  1219[main] - org.hibernate.cfg.annotations.PropertyBinder.make(PropertyBinder.java:155) - Cascading id with null
[2009-09-19 17:49:33,375]DEBUG  1219[main] - org.hibernate.cfg.AnnotationBinder.processElementAnnotations(AnnotationBinder.java:1195) - Bind @Id on id
[2009-09-19 17:49:33,390]DEBUG  1234[main] - org.hibernate.cfg.AnnotationBinder.processElementAnnotations(AnnotationBinder.java:1041) - Processing annotations of edu.unicen.surfforecaster.server.domain.entity.SurfSpotRegion.surfSpots
[2009-09-19 17:49:33,390]DEBUG  1234[main] - org.hibernate.cfg.Ejb3Column.bind(Ejb3Column.java:161) - Binding column null unique false
[2009-09-19 17:49:33,390]DEBUG  1234[main] - org.hibernate.cfg.Ejb3Column.bind(Ejb3Column.java:161) - Binding column surfSpots unique false
[2009-09-19 17:49:33,390]DEBUG  1234[main] - org.hibernate.cfg.Ejb3Column.bind(Ejb3Column.java:161) - Binding column null unique false
[2009-09-19 17:49:33,406]DEBUG  1250[main] - org.hibernate.cfg.Ejb3Column.bind(Ejb3Column.java:161) - Binding column element unique false
[2009-09-19 17:49:33,406]DEBUG  1250[main] - org.hibernate.cfg.Ejb3Column.bind(Ejb3Column.java:161) - Binding column mapkey unique false
[2009-09-19 17:49:33,421]DEBUG  1265[main] - org.hibernate.cfg.Ejb3Column.bind(Ejb3Column.java:161) - Binding column null unique false
[2009-09-19 17:49:33,421]DEBUG  1265[main] - org.hibernate.cfg.Ejb3Column.bind(Ejb3Column.java:161) - Binding column null unique false
[2009-09-19 17:49:33,421]DEBUG  1265[main] - org.hibernate.cfg.Ejb3Column.bind(Ejb3Column.java:161) - Binding column null unique false
[2009-09-19 17:49:33,421]DEBUG  1265[main] - org.hibernate.cfg.annotations.CollectionBinder.bind(CollectionBinder.java:284) - Collection role: edu.unicen.surfforecaster.server.domain.entity.SurfSpotRegion.surfSpots
[2009-09-19 17:49:33,421]DEBUG  1265[main] - org.hibernate.cfg.annotations.PropertyBinder.make(PropertyBinder.java:122) - Building property surfSpots
[2009-09-19 17:49:33,421]DEBUG  1265[main] - org.hibernate.cfg.annotations.PropertyBinder.make(PropertyBinder.java:155) - Cascading surfSpots with none
[2009-09-19 17:49:33,453]DEBUG  1297[main] - org.hibernate.cfg.AnnotationConfiguration.processFkSecondPassInOrder(AnnotationConfiguration.java:329) - processing manytoone fk mappings
[2009-09-19 17:49:33,453]DEBUG  1297[main] - org.hibernate.cfg.Configuration.secondPassCompile(Configuration.java:1120) - processing extends queue
[2009-09-19 17:49:33,453]DEBUG  1297[main] - org.hibernate.cfg.Configuration.secondPassCompile(Configuration.java:1124) - processing collection mappings
[2009-09-19 17:49:33,453]DEBUG  1297[main] - org.hibernate.cfg.CollectionSecondPass.doSecondPass(CollectionSecondPass.java:41) - Second pass for collection: edu.unicen.surfforecaster.server.domain.entity.SurfSpotRegion.surfSpots
[2009-09-19 17:49:33,453]DEBUG  1297[main] - org.hibernate.cfg.annotations.CollectionBinder.bindManyToManySecondPass(CollectionBinder.java:1003) - Binding a OneToMany: edu.unicen.surfforecaster.server.domain.entity.SurfSpotRegion.surfSpots through an association table
[2009-09-19 17:49:33,546]DEBUG  1390[main] - org.hibernate.cfg.CollectionSecondPass.doSecondPass(CollectionSecondPass.java:57) - Mapped collection key: SurfSpotRegion_id, element: surfSpots_id
[2009-09-19 17:49:33,546]DEBUG  1390[main] - org.hibernate.cfg.Configuration.secondPassCompile(Configuration.java:1135) - processing native query and ResultSetMapping mappings
[2009-09-19 17:49:33,546]DEBUG  1390[main] - org.hibernate.cfg.Configuration.secondPassCompile(Configuration.java:1143) - processing association property references
[2009-09-19 17:49:33,546]DEBUG  1390[main] - org.hibernate.cfg.Configuration.secondPassCompile(Configuration.java:1165) - processing foreign key constraints
[2009-09-19 17:49:33,546]DEBUG  1390[main] - org.hibernate.cfg.Configuration.secondPassCompileForeignKeys(Configuration.java:1248) - resolving reference to class: edu.unicen.surfforecaster.server.domain.entity.SurfSpot
[2009-09-19 17:49:33,546]DEBUG  1390[main] - org.hibernate.cfg.Configuration.secondPassCompileForeignKeys(Configuration.java:1248) - resolving reference to class: edu.unicen.surfforecaster.server.domain.entity.SurfSpotRegion
[2009-09-19 17:49:33,546]DEBUG  1390[main] - org.hibernate.validator.ClassValidator.getDefaultResourceBundle(ClassValidator.java:167) - ResourceBundle ValidatorMessages not found in thread context classloader
[2009-09-19 17:49:33,546]DEBUG  1390[main] - org.hibernate.validator.ClassValidator.getDefaultResourceBundle(ClassValidator.java:177) - ResourceBundle ValidatorMessages not found in Validator classloader. Delegate to org.hibernate.validator.resources.DefaultValidatorMessages
[2009-09-19 17:49:33,562]DEBUG  1406[main] - org.hibernate.validator.ClassValidator.getDefaultResourceBundle(ClassValidator.java:167) - ResourceBundle ValidatorMessages not found in thread context classloader
[2009-09-19 17:49:33,578]DEBUG  1422[main] - org.hibernate.validator.ClassValidator.getDefaultResourceBundle(ClassValidator.java:177) - ResourceBundle ValidatorMessages not found in Validator classloader. Delegate to org.hibernate.validator.resources.DefaultValidatorMessages
[2009-09-19 17:49:33,578] INFO  1422[main] - org.hibernate.connection.DriverManagerConnectionProvider.configure(DriverManagerConnectionProvider.java:41) - Using Hibernate built-in connection pool (not for production use!)
[2009-09-19 17:49:33,578] INFO  1422[main] - org.hibernate.connection.DriverManagerConnectionProvider.configure(DriverManagerConnectionProvider.java:42) - Hibernate connection pool size: 1
[2009-09-19 17:49:33,578] INFO  1422[main] - org.hibernate.connection.DriverManagerConnectionProvider.configure(DriverManagerConnectionProvider.java:45) - autocommit mode: true
[2009-09-19 17:49:33,593] INFO  1437[main] - org.hibernate.connection.DriverManagerConnectionProvider.configure(DriverManagerConnectionProvider.java:80) - using driver: org.hsqldb.jdbcDriver at URL: jdbc:hsqldb:mem:z
[2009-09-19 17:49:33,593] INFO  1437[main] - org.hibernate.connection.DriverManagerConnectionProvider.configure(DriverManagerConnectionProvider.java:83) - connection properties: {user=sa, password=, autocommit=true, release_mode=on_close}
[2009-09-19 17:49:33,593]DEBUG  1437[main] - org.hibernate.connection.DriverManagerConnectionProvider.getConnection(DriverManagerConnectionProvider.java:93) - total checked-out connections: 0
[2009-09-19 17:49:33,593]DEBUG  1437[main] - org.hibernate.connection.DriverManagerConnectionProvider.getConnection(DriverManagerConnectionProvider.java:109) - opening new JDBC connection
[2009-09-19 17:49:33,828]DEBUG  1672[main] - org.hibernate.connection.DriverManagerConnectionProvider.getConnection(DriverManagerConnectionProvider.java:115) - created connection to: jdbc:hsqldb:mem:z, Isolation Level: 2
[2009-09-19 17:49:33,859] INFO  1703[main] - org.hibernate.cfg.SettingsFactory.buildSettings(SettingsFactory.java:89) - RDBMS: HSQL Database Engine, version: 1.8.0
[2009-09-19 17:49:33,859] INFO  1703[main] - org.hibernate.cfg.SettingsFactory.buildSettings(SettingsFactory.java:90) - JDBC driver: HSQL Database Engine Driver, version: 1.8.0
[2009-09-19 17:49:33,859]DEBUG  1703[main] - org.hibernate.connection.DriverManagerConnectionProvider.closeConnection(DriverManagerConnectionProvider.java:129) - returning connection to pool, pool size: 1
[2009-09-19 17:49:33,890] INFO  1734[main] - org.hibernate.dialect.Dialect.<init>(Dialect.java:152) - Using dialect: org.hibernate.dialect.HSQLDialect
[2009-09-19 17:49:33,890] INFO  1734[main] - org.hibernate.transaction.TransactionFactoryFactory.buildTransactionFactory(TransactionFactoryFactory.java:31) - Using default transaction strategy (direct JDBC transactions)
[2009-09-19 17:49:33,906] INFO  1750[main] - org.hibernate.transaction.TransactionManagerLookupFactory.getTransactionManagerLookup(TransactionManagerLookupFactory.java:33) - No TransactionManagerLookup configured (in JTA environment, use of read-write or transactional second-level cache is not recommended)
[2009-09-19 17:49:33,906] INFO  1750[main] - org.hibernate.cfg.SettingsFactory.buildSettings(SettingsFactory.java:143) - Automatic flush during beforeCompletion(): disabled
[2009-09-19 17:49:33,906] INFO  1750[main] - org.hibernate.cfg.SettingsFactory.buildSettings(SettingsFactory.java:147) - Automatic session close at end of transaction: disabled
[2009-09-19 17:49:33,906] INFO  1750[main] - org.hibernate.cfg.SettingsFactory.buildSettings(SettingsFactory.java:154) - JDBC batch size: 15
[2009-09-19 17:49:33,906] INFO  1750[main] - org.hibernate.cfg.SettingsFactory.buildSettings(SettingsFactory.java:157) - JDBC batch updates for versioned data: disabled
[2009-09-19 17:49:33,906] INFO  1750[main] - org.hibernate.cfg.SettingsFactory.buildSettings(SettingsFactory.java:162) - Scrollable result sets: enabled
[2009-09-19 17:49:33,906]DEBUG  1750[main] - org.hibernate.cfg.SettingsFactory.buildSettings(SettingsFactory.java:166) - Wrap result sets: disabled
[2009-09-19 17:49:33,906] INFO  1750[main] - org.hibernate.cfg.SettingsFactory.buildSettings(SettingsFactory.java:170) - JDBC3 getGeneratedKeys(): disabled
[2009-09-19 17:49:33,906] INFO  1750[main] - org.hibernate.cfg.SettingsFactory.buildSettings(SettingsFactory.java:178) - Connection release mode: on_close
[2009-09-19 17:49:33,906] INFO  1750[main] - org.hibernate.cfg.SettingsFactory.buildSettings(SettingsFactory.java:205) - Default batch fetch size: 1
[2009-09-19 17:49:33,906] INFO  1750[main] - org.hibernate.cfg.SettingsFactory.buildSettings(SettingsFactory.java:209) - Generate SQL with comments: disabled
[2009-09-19 17:49:33,906] INFO  1750[main] - org.hibernate.cfg.SettingsFactory.buildSettings(SettingsFactory.java:213) - Order SQL updates by primary key: disabled
[2009-09-19 17:49:33,906] INFO  1750[main] - org.hibernate.cfg.SettingsFactory.createQueryTranslatorFactory(SettingsFactory.java:382) - Query translator: org.hibernate.hql.ast.ASTQueryTranslatorFactory
[2009-09-19 17:49:33,921] INFO  1765[main] - org.hibernate.hql.ast.ASTQueryTranslatorFactory.<init>(ASTQueryTranslatorFactory.java:24) - Using ASTQueryTranslatorFactory
[2009-09-19 17:49:33,921] INFO  1765[main] - org.hibernate.cfg.SettingsFactory.buildSettings(SettingsFactory.java:221) - Query language substitutions: {}
[2009-09-19 17:49:33,921] INFO  1765[main] - org.hibernate.cfg.SettingsFactory.buildSettings(SettingsFactory.java:226) - JPA-QL strict compliance: disabled
[2009-09-19 17:49:33,921] INFO  1765[main] - org.hibernate.cfg.SettingsFactory.buildSettings(SettingsFactory.java:231) - Second-level cache: enabled
[2009-09-19 17:49:33,921] INFO  1765[main] - org.hibernate.cfg.SettingsFactory.buildSettings(SettingsFactory.java:235) - Query cache: disabled
[2009-09-19 17:49:33,921] INFO  1765[main] - org.hibernate.cfg.SettingsFactory.createCacheProvider(SettingsFactory.java:369) - Cache provider: org.hibernate.cache.NoCacheProvider
[2009-09-19 17:49:33,921] INFO  1765[main] - org.hibernate.cfg.SettingsFactory.buildSettings(SettingsFactory.java:250) - Optimize cache for minimal puts: disabled
[2009-09-19 17:49:33,921] INFO  1765[main] - org.hibernate.cfg.SettingsFactory.buildSettings(SettingsFactory.java:259) - Structured second-level cache entries: disabled
[2009-09-19 17:49:33,921]DEBUG  1765[main] - org.hibernate.exception.SQLExceptionConverterFactory.buildSQLExceptionConverter(SQLExceptionConverterFactory.java:52) - Using dialect defined converter
[2009-09-19 17:49:33,937] INFO  1781[main] - org.hibernate.cfg.SettingsFactory.buildSettings(SettingsFactory.java:279) - Echoing all SQL to stdout
[2009-09-19 17:49:33,937] INFO  1781[main] - org.hibernate.cfg.SettingsFactory.buildSettings(SettingsFactory.java:286) - Statistics: disabled
[2009-09-19 17:49:33,937] INFO  1781[main] - org.hibernate.cfg.SettingsFactory.buildSettings(SettingsFactory.java:290) - Deleted entity synthetic identifier rollback: disabled
[2009-09-19 17:49:33,937] INFO  1781[main] - org.hibernate.cfg.SettingsFactory.buildSettings(SettingsFactory.java:305) - Default entity-mode: pojo
[2009-09-19 17:49:33,937] INFO  1781[main] - org.hibernate.cfg.SettingsFactory.buildSettings(SettingsFactory.java:309) - Named query checking : enabled
[2009-09-19 17:49:33,984] INFO  1828[main] - org.hibernate.impl.SessionFactoryImpl.<init>(SessionFactoryImpl.java:161) - building session factory
[2009-09-19 17:49:33,984]DEBUG  1828[main] - org.hibernate.impl.SessionFactoryImpl.<init>(SessionFactoryImpl.java:173) - Session factory constructed with filter configurations : {}
[2009-09-19 17:49:34,000]DEBUG  1844[main] - org.hibernate.impl.SessionFactoryImpl.<init>(SessionFactoryImpl.java:177) - instantiating session factory with properties: {java.runtime.name=Java(TM) SE Runtime Environment, hibernate.connection.password=, sun.boot.library.path=C:\Archivos de programa\Java\jre1.6.0\bin, java.vm.version=1.6.0-b105, hibernate.connection.username=sa, java.vm.vendor=Sun Microsystems Inc., java.vendor.url=http://java.sun.com/, path.separator=;, java.vm.name=Java HotSpot(TM) Client VM, file.encoding.pkg=sun.io, user.country=AR, sun.java.launcher=SUN_STANDARD, sun.os.patch.level=Service Pack 2, java.vm.specification.name=Java Virtual Machine Specification, user.dir=F:\Workspace\Tesis\gui, java.runtime.version=1.6.0-b105, org.mortbay.log.class=com.google.gwt.dev.shell.jetty.JettyNullLogger, java.awt.graphicsenv=sun.awt.Win32GraphicsEnvironment, java.endorsed.dirs=C:\Archivos de programa\Java\jre1.6.0\lib\endorsed, os.arch=x86, hibernate.connection.autocommit=true, java.io.tmpdir=C:\DOCUME~1\MAXI\CONFIG~1\Temp\, line.separator=
, java.vm.specification.vendor=Sun Microsystems Inc., user.variant=, os.name=Windows XP, sun.jnu.encoding=Cp1252, java.library.path=C:\Archivos de programa\Java\jre1.6.0\bin;.;C:\WINDOWS\Sun\Java\bin;C:\WINDOWS\system32;C:\WINDOWS;C:/Archivos de programa/Java/jre6/bin/client;C:/Archivos de programa/Java/jre6/bin;C:\WINDOWS\system32;C:\WINDOWS;C:\WINDOWS\System32\Wbem;C:\WINDOWS\system32;C:\WINDOWS;C:\WINDOWS\System32\Wbem;;C:\Sun\SDK\bin;F:\apache-maven-2.2.1\bin, java.specification.name=Java Platform API Specification, java.class.version=50.0, hibernate.connection.pool_size=1, sun.management.compiler=HotSpot Client Compiler, os.version=5.1, user.home=C:\Documents and Settings\MAXI, user.timezone=America/Buenos_Aires, java.awt.printerjob=sun.awt.windows.WPrinterJob, hibernate.connection.release_mode=on_close, java.specification.version=1.6, file.encoding=Cp1252, org.mortbay.xml.XmlParser.Validating=false, swt.library.path=F:\Workspace\Tesis\gui\lib/, hibernate.connection.driver_class=org.hsqldb.jdbcDriver, user.name=MAXI, java.class.path=F:\Workspace\Tesis\gui\src;F:\Workspace\Tesis\gui\war\WEB-INF\classes;F:\eclipseGWTGalileo\plugins\org.junit_3.8.2.v20090203-1005\junit.jar;F:\Workspace\Tesis\gui\lib\gwt-dev-windows.jar;F:\Workspace\Tesis\gui\lib\gwt-user.jar;F:\Workspace\Tesis\gui\lib\activation-1.1.jar;F:\Workspace\Tesis\gui\lib\antlr-2.7.6.jar;F:\Workspace\Tesis\gui\lib\asm-1.5.3.jar;F:\Workspace\Tesis\gui\lib\asm-attrs-1.5.3.jar;F:\Workspace\Tesis\gui\lib\avalon-framework-4.1.3.jar;F:\Workspace\Tesis\gui\lib\cglib-2.1_3.jar;F:\Workspace\Tesis\gui\lib\commons-collections-2.1.1.jar;F:\Workspace\Tesis\gui\lib\commons-lang-2.3.jar;F:\Workspace\Tesis\gui\lib\commons-logging-1.1.jar;F:\Workspace\Tesis\gui\lib\dom4j-1.6.1.jar;F:\Workspace\Tesis\gui\lib\ehcache-1.2.3.jar;F:\Workspace\Tesis\gui\lib\geronimo-spec-jta-1.0-M1.jar;F:\Workspace\Tesis\gui\lib\gwt-servlet.jar;F:\Workspace\Tesis\gui\lib\hibernate-3.2.3.ga.jar;F:\Workspace\Tesis\gui\lib\hibernate-annotations-3.2.1.ga.jar;F:\Workspace\Tesis\gui\lib\hsqldb-1.8.0.7.jar;F:\Workspace\Tesis\gui\lib\jms-1.1.jar;F:\Workspace\Tesis\gui\lib\jmxri-1.2.1.jar;F:\Workspace\Tesis\gui\lib\jmxtools-1.2.1.jar;F:\Workspace\Tesis\gui\lib\junit-4.4.jar;F:\Workspace\Tesis\gui\lib\log4j-1.2.15.jar;F:\Workspace\Tesis\gui\lib\logkit-1.0.1.jar;F:\Workspace\Tesis\gui\lib\mail-1.4.jar;F:\Workspace\Tesis\gui\lib\persistence-api-1.0.jar;F:\Workspace\Tesis\gui\lib\spring-2.0.4.jar;F:\Workspace\Tesis\gui\lib\surf-forecaster-common-1.0-SNAPSHOT.jar;F:\Workspace\Tesis\gui\lib\surf-forecaster-server-1.0-SNAPSHOT.jar;F:\Workspace\Tesis\gui\lib\gwt-maps.jar, build.compiler=org.eclipse.jdt.core.JDTCompilerAdapter, hibernate.bytecode.use_reflection_optimizer=false, hibernate.show_sql=true, java.vm.specification.version=1.0, sun.arch.data.model=32, java.home=C:\Archivos de programa\Java\jre1.6.0, hibernate.dialect=org.hibernate.dialect.HSQLDialect, hibernate.connection.url=jdbc:hsqldb:mem:z, java.specification.vendor=Sun Microsystems Inc., user.language=es, awt.toolkit=sun.awt.windows.WToolkit, java.vm.info=mixed mode, sharing, java.version=1.6.0, java.ext.dirs=C:\Archivos de programa\Java\jre1.6.0\lib\ext;C:\WINDOWS\Sun\Java\lib\ext, sun.boot.class.path=C:\Archivos de programa\Java\jre1.6.0\lib\resources.jar;C:\Archivos de programa\Java\jre1.6.0\lib\rt.jar;C:\Archivos de programa\Java\jre1.6.0\lib\sunrsasign.jar;C:\Archivos de programa\Java\jre1.6.0\lib\jsse.jar;C:\Archivos de programa\Java\jre1.6.0\lib\jce.jar;C:\Archivos de programa\Java\jre1.6.0\lib\charsets.jar;C:\Archivos de programa\Java\jre1.6.0\classes, java.vendor=Sun Microsystems Inc., file.separator=\, java.vendor.url.bug=http://java.sun.com/cgi-bin/bugreport.cgi, hibernate.hbm2ddl.auto=create, sun.cpu.endian=little, sun.io.unicode.encoding=UnicodeLittle, sun.desktop=windows, sun.cpu.isalist=}
[2009-09-19 17:49:34,265]DEBUG  2109[main] - org.hibernate.persister.entity.AbstractEntityPersister.logStaticSQL(AbstractEntityPersister.java:2738) - Static SQL for entity: edu.unicen.surfforecaster.server.domain.entity.SurfSpot
[2009-09-19 17:49:34,265]DEBUG  2109[main] - org.hibernate.persister.entity.AbstractEntityPersister.logStaticSQL(AbstractEntityPersister.java:2743) -  Version select: select id from SurfSpot where id =?
[2009-09-19 17:49:34,265]DEBUG  2109[main] - org.hibernate.persister.entity.AbstractEntityPersister.logStaticSQL(AbstractEntityPersister.java:2746) -  Snapshot select: select surfspot_.id, surfspot_.region as region0_, surfspot_.latitude as latitude0_, surfspot_.longitude as longitude0_, surfspot_.name as name0_ from SurfSpot surfspot_ where surfspot_.id=?
[2009-09-19 17:49:34,312]DEBUG  2156[main] - org.hibernate.persister.entity.AbstractEntityPersister.logStaticSQL(AbstractEntityPersister.java:2749) -  Insert 0: insert into SurfSpot (region, latitude, longitude, name, id) values (?, ?, ?, ?, ?)
[2009-09-19 17:49:34,312]DEBUG  2156[main] - org.hibernate.persister.entity.AbstractEntityPersister.logStaticSQL(AbstractEntityPersister.java:2750) -  Update 0: update SurfSpot set region=?, latitude=?, longitude=?, name=? where id=?
[2009-09-19 17:49:34,312]DEBUG  2156[main] - org.hibernate.persister.entity.AbstractEntityPersister.logStaticSQL(AbstractEntityPersister.java:2751) -  Delete 0: delete from SurfSpot where id=?
[2009-09-19 17:49:34,312]DEBUG  2156[main] - org.hibernate.persister.entity.AbstractEntityPersister.logStaticSQL(AbstractEntityPersister.java:2755) -  Identity insert: insert into SurfSpot (id, region, latitude, longitude, name) values (null, ?, ?, ?, ?)
[2009-09-19 17:49:34,328]DEBUG  2172[main] - org.hibernate.persister.entity.AbstractEntityPersister.logStaticSQL(AbstractEntityPersister.java:2738) - Static SQL for entity: edu.unicen.surfforecaster.server.domain.entity.SurfSpotRegion
[2009-09-19 17:49:34,328]DEBUG  2172[main] - org.hibernate.persister.entity.AbstractEntityPersister.logStaticSQL(AbstractEntityPersister.java:2743) -  Version select: select id from SurfSpotRegion where id =?
[2009-09-19 17:49:34,328]DEBUG  2172[main] - org.hibernate.persister.entity.AbstractEntityPersister.logStaticSQL(AbstractEntityPersister.java:2746) -  Snapshot select: select surfspotre_.id from SurfSpotRegion surfspotre_ where surfspotre_.id=?
[2009-09-19 17:49:34,328]DEBUG  2172[main] - org.hibernate.persister.entity.AbstractEntityPersister.logStaticSQL(AbstractEntityPersister.java:2749) -  Insert 0: insert into SurfSpotRegion (id) values (?)
[2009-09-19 17:49:34,328]DEBUG  2172[main] - org.hibernate.persister.entity.AbstractEntityPersister.logStaticSQL(AbstractEntityPersister.java:2750) -  Update 0: null
[2009-09-19 17:49:34,328]DEBUG  2172[main] - org.hibernate.persister.entity.AbstractEntityPersister.logStaticSQL(AbstractEntityPersister.java:2751) -  Delete 0: delete from SurfSpotRegion where id=?
[2009-09-19 17:49:34,328]DEBUG  2172[main] - org.hibernate.persister.entity.AbstractEntityPersister.logStaticSQL(AbstractEntityPersister.java:2755) -  Identity insert: insert into SurfSpotRegion (id) values (null)
[2009-09-19 17:49:34,343]DEBUG  2187[main] - org.hibernate.persister.collection.AbstractCollectionPersister.logStaticSQL(AbstractCollectionPersister.java:548) - Static SQL for collection: edu.unicen.surfforecaster.server.domain.entity.SurfSpotRegion.surfSpots
[2009-09-19 17:49:34,359]DEBUG  2203[main] - org.hibernate.persister.collection.AbstractCollectionPersister.logStaticSQL(AbstractCollectionPersister.java:550) -  Row insert: insert into SurfSpotRegion_SurfSpot (SurfSpotRegion_id, surfSpots_id) values (?, ?)
[2009-09-19 17:49:34,375]DEBUG  2219[main] - org.hibernate.persister.collection.AbstractCollectionPersister.logStaticSQL(AbstractCollectionPersister.java:553) -  Row update: update SurfSpotRegion_SurfSpot set surfSpots_id=? where SurfSpotRegion_id=? and surfSpots_id=?
[2009-09-19 17:49:34,375]DEBUG  2219[main] - org.hibernate.persister.collection.AbstractCollectionPersister.logStaticSQL(AbstractCollectionPersister.java:556) -  Row delete: delete from SurfSpotRegion_SurfSpot where SurfSpotRegion_id=? and surfSpots_id=?
[2009-09-19 17:49:34,375]DEBUG  2219[main] - org.hibernate.persister.collection.AbstractCollectionPersister.logStaticSQL(AbstractCollectionPersister.java:559) -  One-shot delete: delete from SurfSpotRegion_SurfSpot where SurfSpotRegion_id=?
[2009-09-19 17:49:34,390]DEBUG  2234[main] - org.hibernate.loader.entity.EntityLoader.<init>(EntityLoader.java:79) - Static select for entity edu.unicen.surfforecaster.server.domain.entity.SurfSpot: select surfspot0_.id as id0_0_, surfspot0_.region as region0_0_, surfspot0_.latitude as latitude0_0_, surfspot0_.longitude as longitude0_0_, surfspot0_.name as name0_0_ from SurfSpot surfspot0_ where surfspot0_.id=?
[2009-09-19 17:49:34,390]DEBUG  2234[main] - org.hibernate.loader.entity.EntityLoader.<init>(EntityLoader.java:79) - Static select for entity edu.unicen.surfforecaster.server.domain.entity.SurfSpot: select surfspot0_.id as id0_0_, surfspot0_.region as region0_0_, surfspot0_.latitude as latitude0_0_, surfspot0_.longitude as longitude0_0_, surfspot0_.name as name0_0_ from SurfSpot surfspot0_ where surfspot0_.id=?
[2009-09-19 17:49:34,390]DEBUG  2234[main] - org.hibernate.loader.entity.EntityLoader.<init>(EntityLoader.java:79) - Static select for entity edu.unicen.surfforecaster.server.domain.entity.SurfSpot: select surfspot0_.id as id0_0_, surfspot0_.region as region0_0_, surfspot0_.latitude as latitude0_0_, surfspot0_.longitude as longitude0_0_, surfspot0_.name as name0_0_ from SurfSpot surfspot0_ where surfspot0_.id=?
[2009-09-19 17:49:34,406]DEBUG  2250[main] - org.hibernate.loader.entity.EntityLoader.<init>(EntityLoader.java:79) - Static select for entity edu.unicen.surfforecaster.server.domain.entity.SurfSpot: select surfspot0_.id as id0_0_, surfspot0_.region as region0_0_, surfspot0_.latitude as latitude0_0_, surfspot0_.longitude as longitude0_0_, surfspot0_.name as name0_0_ from SurfSpot surfspot0_ where surfspot0_.id=?
[2009-09-19 17:49:34,406]DEBUG  2250[main] - org.hibernate.loader.entity.EntityLoader.<init>(EntityLoader.java:79) - Static select for entity edu.unicen.surfforecaster.server.domain.entity.SurfSpot: select surfspot0_.id as id0_0_, surfspot0_.region as region0_0_, surfspot0_.latitude as latitude0_0_, surfspot0_.longitude as longitude0_0_, surfspot0_.name as name0_0_ from SurfSpot surfspot0_ where surfspot0_.id=?
[2009-09-19 17:49:34,406]DEBUG  2250[main] - org.hibernate.loader.entity.CascadeEntityLoader.<init>(CascadeEntityLoader.java:34) - Static select for action ACTION_MERGE on entity edu.unicen.surfforecaster.server.domain.entity.SurfSpot: select surfspot0_.id as id0_0_, surfspot0_.region as region0_0_, surfspot0_.latitude as latitude0_0_, surfspot0_.longitude as longitude0_0_, surfspot0_.name as name0_0_ from SurfSpot surfspot0_ where surfspot0_.id=?
[2009-09-19 17:49:34,406]DEBUG  2250[main] - org.hibernate.loader.entity.CascadeEntityLoader.<init>(CascadeEntityLoader.java:34) - Static select for action ACTION_REFRESH on entity edu.unicen.surfforecaster.server.domain.entity.SurfSpot: select surfspot0_.id as id0_0_, surfspot0_.region as region0_0_, surfspot0_.latitude as latitude0_0_, surfspot0_.longitude as longitude0_0_, surfspot0_.name as name0_0_ from SurfSpot surfspot0_ where surfspot0_.id=?
[2009-09-19 17:49:34,421]DEBUG  2265[main] - org.hibernate.loader.entity.EntityLoader.<init>(EntityLoader.java:79) - Static select for entity edu.unicen.surfforecaster.server.domain.entity.SurfSpotRegion: select surfspotre0_.id as id1_0_ from SurfSpotRegion surfspotre0_ where surfspotre0_.id=?
[2009-09-19 17:49:34,421]DEBUG  2265[main] - org.hibernate.loader.entity.EntityLoader.<init>(EntityLoader.java:79) - Static select for entity edu.unicen.surfforecaster.server.domain.entity.SurfSpotRegion: select surfspotre0_.id as id1_0_ from SurfSpotRegion surfspotre0_ where surfspotre0_.id=?
[2009-09-19 17:49:34,421]DEBUG  2265[main] - org.hibernate.loader.entity.EntityLoader.<init>(EntityLoader.java:79) - Static select for entity edu.unicen.surfforecaster.server.domain.entity.SurfSpotRegion: select surfspotre0_.id as id1_0_ from SurfSpotRegion surfspotre0_ where surfspotre0_.id=?
[2009-09-19 17:49:34,421]DEBUG  2265[main] - org.hibernate.loader.entity.EntityLoader.<init>(EntityLoader.java:79) - Static select for entity edu.unicen.surfforecaster.server.domain.entity.SurfSpotRegion: select surfspotre0_.id as id1_0_ from SurfSpotRegion surfspotre0_ where surfspotre0_.id=?
[2009-09-19 17:49:34,421]DEBUG  2265[main] - org.hibernate.loader.entity.EntityLoader.<init>(EntityLoader.java:79) - Static select for entity edu.unicen.surfforecaster.server.domain.entity.SurfSpotRegion: select surfspotre0_.id as id1_0_ from SurfSpotRegion surfspotre0_ where surfspotre0_.id=?
[2009-09-19 17:49:34,421]DEBUG  2265[main] - org.hibernate.loader.entity.CascadeEntityLoader.<init>(CascadeEntityLoader.java:34) - Static select for action ACTION_MERGE on entity edu.unicen.surfforecaster.server.domain.entity.SurfSpotRegion: select surfspotre0_.id as id1_0_ from SurfSpotRegion surfspotre0_ where surfspotre0_.id=?
[2009-09-19 17:49:34,421]DEBUG  2265[main] - org.hibernate.loader.entity.CascadeEntityLoader.<init>(CascadeEntityLoader.java:34) - Static select for action ACTION_REFRESH on entity edu.unicen.surfforecaster.server.domain.entity.SurfSpotRegion: select surfspotre0_.id as id1_0_ from SurfSpotRegion surfspotre0_ where surfspotre0_.id=?
[2009-09-19 17:49:34,437]DEBUG  2281[main] - org.hibernate.loader.collection.BasicCollectionLoader.<init>(BasicCollectionLoader.java:64) - Static select for collection edu.unicen.surfforecaster.server.domain.entity.SurfSpotRegion.surfSpots: select surfspots0_.SurfSpotRegion_id as SurfSpot1_1_, surfspots0_.surfSpots_id as surfSpots2_1_, surfspot1_.id as id0_0_, surfspot1_.region as region0_0_, surfspot1_.latitude as latitude0_0_, surfspot1_.longitude as longitude0_0_, surfspot1_.name as name0_0_ from SurfSpotRegion_SurfSpot surfspots0_ left outer join SurfSpot surfspot1_ on surfspots0_.surfSpots_id=surfspot1_.id where surfspots0_.SurfSpotRegion_id=?
[2009-09-19 17:49:34,437]DEBUG  2281[main] - org.hibernate.impl.SessionFactoryObjectFactory.<clinit>(SessionFactoryObjectFactory.java:39) - initializing class SessionFactoryObjectFactory
[2009-09-19 17:49:34,453]DEBUG  2297[main] - org.hibernate.impl.SessionFactoryObjectFactory.addInstance(SessionFactoryObjectFactory.java:76) - registered: 402881e723d4111b0123d4111ce50000 (unnamed)
[2009-09-19 17:49:34,453] INFO  2297[main] - org.hibernate.impl.SessionFactoryObjectFactory.addInstance(SessionFactoryObjectFactory.java:82) - Not binding factory to JNDI, no JNDI name configured
[2009-09-19 17:49:34,453]DEBUG  2297[main] - org.hibernate.impl.SessionFactoryImpl.<init>(SessionFactoryImpl.java:308) - instantiated session factory
[2009-09-19 17:49:34,453]DEBUG  2297[main] - org.hibernate.cfg.AnnotationConfiguration.secondPassCompile(AnnotationConfiguration.java:235) - Execute first pass mapping processing
[2009-09-19 17:49:34,453]DEBUG  2297[main] - org.hibernate.cfg.AnnotationConfiguration.processArtifactsOfType(AnnotationConfiguration.java:435) - Process hbm files
[2009-09-19 17:49:34,453]DEBUG  2297[main] - org.hibernate.cfg.AnnotationConfiguration.processArtifactsOfType(AnnotationConfiguration.java:443) - Process annotated classes
[2009-09-19 17:49:34,453]DEBUG  2297[main] - org.hibernate.cfg.AnnotationConfiguration.processFkSecondPassInOrder(AnnotationConfiguration.java:329) - processing manytoone fk mappings
[2009-09-19 17:49:34,453]DEBUG  2297[main] - org.hibernate.cfg.Configuration.secondPassCompile(Configuration.java:1120) - processing extends queue
[2009-09-19 17:49:34,453]DEBUG  2297[main] - org.hibernate.cfg.Configuration.secondPassCompile(Configuration.java:1124) - processing collection mappings
[2009-09-19 17:49:34,453]DEBUG  2297[main] - org.hibernate.cfg.Configuration.secondPassCompile(Configuration.java:1135) - processing native query and ResultSetMapping mappings
[2009-09-19 17:49:34,453]DEBUG  2297[main] - org.hibernate.cfg.Configuration.secondPassCompile(Configuration.java:1143) - processing association property references
[2009-09-19 17:49:34,453]DEBUG  2297[main] - org.hibernate.cfg.Configuration.secondPassCompile(Configuration.java:1165) - processing foreign key constraints
[2009-09-19 17:49:34,453]DEBUG  2297[main] - org.hibernate.cfg.Configuration.secondPassCompileForeignKeys(Configuration.java:1248) - resolving reference to class: edu.unicen.surfforecaster.server.domain.entity.SurfSpot
[2009-09-19 17:49:34,453]DEBUG  2297[main] - org.hibernate.cfg.Configuration.secondPassCompileForeignKeys(Configuration.java:1248) - resolving reference to class: edu.unicen.surfforecaster.server.domain.entity.SurfSpotRegion
[2009-09-19 17:49:34,468]DEBUG  2312[main] - org.hibernate.validator.ClassValidator.getDefaultResourceBundle(ClassValidator.java:167) - ResourceBundle ValidatorMessages not found in thread context classloader
[2009-09-19 17:49:34,468]DEBUG  2312[main] - org.hibernate.validator.ClassValidator.getDefaultResourceBundle(ClassValidator.java:177) - ResourceBundle ValidatorMessages not found in Validator classloader. Delegate to org.hibernate.validator.resources.DefaultValidatorMessages
[2009-09-19 17:49:34,468]DEBUG  2312[main] - org.hibernate.validator.ClassValidator.getDefaultResourceBundle(ClassValidator.java:167) - ResourceBundle ValidatorMessages not found in thread context classloader
[2009-09-19 17:49:34,468]DEBUG  2312[main] - org.hibernate.validator.ClassValidator.getDefaultResourceBundle(ClassValidator.java:177) - ResourceBundle ValidatorMessages not found in Validator classloader. Delegate to org.hibernate.validator.resources.DefaultValidatorMessages
[2009-09-19 17:49:34,468]DEBUG  2312[main] - org.hibernate.cfg.AnnotationConfiguration.secondPassCompile(AnnotationConfiguration.java:235) - Execute first pass mapping processing
[2009-09-19 17:49:34,468]DEBUG  2312[main] - org.hibernate.cfg.AnnotationConfiguration.processArtifactsOfType(AnnotationConfiguration.java:435) - Process hbm files
[2009-09-19 17:49:34,468]DEBUG  2312[main] - org.hibernate.cfg.AnnotationConfiguration.processArtifactsOfType(AnnotationConfiguration.java:443) - Process annotated classes
[2009-09-19 17:49:34,468]DEBUG  2312[main] - org.hibernate.cfg.AnnotationConfiguration.processFkSecondPassInOrder(AnnotationConfiguration.java:329) - processing manytoone fk mappings
[2009-09-19 17:49:34,468]DEBUG  2312[main] - org.hibernate.cfg.Configuration.secondPassCompile(Configuration.java:1120) - processing extends queue
[2009-09-19 17:49:34,468]DEBUG  2312[main] - org.hibernate.cfg.Configuration.secondPassCompile(Configuration.java:1124) - processing collection mappings
[2009-09-19 17:49:34,468]DEBUG  2312[main] - org.hibernate.cfg.Configuration.secondPassCompile(Configuration.java:1135) - processing native query and ResultSetMapping mappings
[2009-09-19 17:49:34,468]DEBUG  2312[main] - org.hibernate.cfg.Configuration.secondPassCompile(Configuration.java:1143) - processing association property references
[2009-09-19 17:49:34,500]DEBUG  2344[main] - org.hibernate.cfg.Configuration.secondPassCompile(Configuration.java:1165) - processing foreign key constraints
[2009-09-19 17:49:34,500]DEBUG  2344[main] - org.hibernate.cfg.Configuration.secondPassCompileForeignKeys(Configuration.java:1248) - resolving reference to class: edu.unicen.surfforecaster.server.domain.entity.SurfSpot
[2009-09-19 17:49:34,500]DEBUG  2344[main] - org.hibernate.cfg.Configuration.secondPassCompileForeignKeys(Configuration.java:1248) - resolving reference to class: edu.unicen.surfforecaster.server.domain.entity.SurfSpotRegion
[2009-09-19 17:49:34,500]DEBUG  2344[main] - org.hibernate.validator.ClassValidator.getDefaultResourceBundle(ClassValidator.java:167) - ResourceBundle ValidatorMessages not found in thread context classloader
[2009-09-19 17:49:34,500]DEBUG  2344[main] - org.hibernate.validator.ClassValidator.getDefaultResourceBundle(ClassValidator.java:177) - ResourceBundle ValidatorMessages not found in Validator classloader. Delegate to org.hibernate.validator.resources.DefaultValidatorMessages
[2009-09-19 17:49:34,500]DEBUG  2344[main] - org.hibernate.validator.ClassValidator.getDefaultResourceBundle(ClassValidator.java:167) - ResourceBundle ValidatorMessages not found in thread context classloader
[2009-09-19 17:49:34,500]DEBUG  2344[main] - org.hibernate.validator.ClassValidator.getDefaultResourceBundle(ClassValidator.java:177) - ResourceBundle ValidatorMessages not found in Validator classloader. Delegate to org.hibernate.validator.resources.DefaultValidatorMessages
[2009-09-19 17:49:34,500] INFO  2344[main] - org.hibernate.tool.hbm2ddl.SchemaExport.execute(SchemaExport.java:154) - Running hbm2ddl schema export
[2009-09-19 17:49:34,500]DEBUG  2344[main] - org.hibernate.tool.hbm2ddl.SchemaExport.execute(SchemaExport.java:170) - import file not found: /import.sql
[2009-09-19 17:49:34,500] INFO  2344[main] - org.hibernate.tool.hbm2ddl.SchemaExport.execute(SchemaExport.java:179) - exporting generated schema to database
[2009-09-19 17:49:34,500]DEBUG  2344[main] - org.hibernate.connection.DriverManagerConnectionProvider.getConnection(DriverManagerConnectionProvider.java:93) - total checked-out connections: 0
[2009-09-19 17:49:34,500]DEBUG  2344[main] - org.hibernate.connection.DriverManagerConnectionProvider.getConnection(DriverManagerConnectionProvider.java:99) - using pooled JDBC connection, pool size: 0
[2009-09-19 17:49:34,500]DEBUG  2344[main] - org.hibernate.tool.hbm2ddl.SchemaExport.execute(SchemaExport.java:303) - alter table SurfSpotRegion_SurfSpot drop constraint FK809E59CB15F3CC0D
[2009-09-19 17:49:34,500]DEBUG  2344[main] - org.hibernate.tool.hbm2ddl.SchemaExport.drop(SchemaExport.java:288) - Unsuccessful: alter table SurfSpotRegion_SurfSpot drop constraint FK809E59CB15F3CC0D
[2009-09-19 17:49:34,500]DEBUG  2344[main] - org.hibernate.tool.hbm2ddl.SchemaExport.drop(SchemaExport.java:289) - Table not found: SURFSPOTREGION_SURFSPOT in statement [alter table SurfSpotRegion_SurfSpot]
[2009-09-19 17:49:34,515]DEBUG  2359[main] - org.hibernate.tool.hbm2ddl.SchemaExport.execute(SchemaExport.java:303) - alter table SurfSpotRegion_SurfSpot drop constraint FK809E59CB58F34D50
[2009-09-19 17:49:34,515]DEBUG  2359[main] - org.hibernate.tool.hbm2ddl.SchemaExport.drop(SchemaExport.java:288) - Unsuccessful: alter table SurfSpotRegion_SurfSpot drop constraint FK809E59CB58F34D50
[2009-09-19 17:49:34,515]DEBUG  2359[main] - org.hibernate.tool.hbm2ddl.SchemaExport.drop(SchemaExport.java:289) - Table not found: SURFSPOTREGION_SURFSPOT in statement [alter table SurfSpotRegion_SurfSpot]
[2009-09-19 17:49:34,515]DEBUG  2359[main] - org.hibernate.tool.hbm2ddl.SchemaExport.execute(SchemaExport.java:303) - drop table SurfSpot if exists
[2009-09-19 17:49:34,515]DEBUG  2359[main] - org.hibernate.tool.hbm2ddl.SchemaExport.execute(SchemaExport.java:303) - drop table SurfSpotRegion if exists
[2009-09-19 17:49:34,515]DEBUG  2359[main] - org.hibernate.tool.hbm2ddl.SchemaExport.execute(SchemaExport.java:303) - drop table SurfSpotRegion_SurfSpot if exists
[2009-09-19 17:49:34,515]DEBUG  2359[main] - org.hibernate.tool.hbm2ddl.SchemaExport.execute(SchemaExport.java:303) - create table SurfSpot (id integer generated by default as identity (start with 1), region varbinary(255), latitude double not null, longitude double not null, name varchar(255), primary key (id))
[2009-09-19 17:49:34,515]DEBUG  2359[main] - org.hibernate.tool.hbm2ddl.SchemaExport.execute(SchemaExport.java:303) - create table SurfSpotRegion (id integer generated by default as identity (start with 1), primary key (id))
[2009-09-19 17:49:34,515]DEBUG  2359[main] - org.hibernate.tool.hbm2ddl.SchemaExport.execute(SchemaExport.java:303) - create table SurfSpotRegion_SurfSpot (SurfSpotRegion_id integer not null, surfSpots_id integer not null, unique (surfSpots_id))
[2009-09-19 17:49:34,515]DEBUG  2359[main] - org.hibernate.tool.hbm2ddl.SchemaExport.execute(SchemaExport.java:303) - alter table SurfSpotRegion_SurfSpot add constraint FK809E59CB15F3CC0D foreign key (surfSpots_id) references SurfSpot
[2009-09-19 17:49:34,531]DEBUG  2375[main] - org.hibernate.tool.hbm2ddl.SchemaExport.execute(SchemaExport.java:303) - alter table SurfSpotRegion_SurfSpot add constraint FK809E59CB58F34D50 foreign key (SurfSpotRegion_id) references SurfSpotRegion
[2009-09-19 17:49:34,531] INFO  2375[main] - org.hibernate.tool.hbm2ddl.SchemaExport.execute(SchemaExport.java:196) - schema export complete
[2009-09-19 17:49:34,531]DEBUG  2375[main] - org.hibernate.connection.DriverManagerConnectionProvider.closeConnection(DriverManagerConnectionProvider.java:129) - returning connection to pool, pool size: 1
[2009-09-19 17:49:34,531]DEBUG  2375[main] - org.hibernate.impl.SessionFactoryImpl.checkNamedQueries(SessionFactoryImpl.java:392) - Checking 0 named HQL queries
[2009-09-19 17:49:34,531]DEBUG  2375[main] - org.hibernate.impl.SessionFactoryImpl.checkNamedQueries(SessionFactoryImpl.java:412) - Checking 0 named SQL queries
[2009-09-19 17:49:34,546]DEBUG  2390[main] - org.springframework.beans.factory.support.DefaultSingletonBeanRegistry.getSingleton(DefaultSingletonBeanRegistry.java:140) - Creating shared instance of singleton bean 'hibernateInterceptor'
[2009-09-19 17:49:34,546]DEBUG  2390[main] - org.springframework.beans.factory.support.AbstractAutowireCapableBeanFactory.createBean(AbstractAutowireCapableBeanFactory.java:344) - Creating instance of bean 'hibernateInterceptor' with merged definition [Root bean: class [org.springframework.orm.hibernate3.HibernateInterceptor]; scope=singleton; abstract=false; lazyInit=false; autowireCandidate=true; autowireMode=1; dependencyCheck=0; factoryBeanName=null; factoryMethodName=null; initMethodName=null; destroyMethodName=null; defined in ServletContext resource [/WEB-INF/dao.xml]]
[2009-09-19 17:49:34,562]DEBUG  2406[main] - org.springframework.beans.CachedIntrospectionResults.<init>(CachedIntrospectionResults.java:242) - Getting BeanInfo for class [org.springframework.orm.hibernate3.HibernateInterceptor]
[2009-09-19 17:49:34,562]DEBUG  2406[main] - org.springframework.beans.CachedIntrospectionResults.<init>(CachedIntrospectionResults.java:258) - Caching PropertyDescriptors for class [org.springframework.orm.hibernate3.HibernateInterceptor]
[2009-09-19 17:49:34,562]DEBUG  2406[main] - org.springframework.beans.CachedIntrospectionResults.<init>(CachedIntrospectionResults.java:267) - Found bean property 'beanFactory' of type [org.springframework.beans.factory.BeanFactory]
[2009-09-19 17:49:34,562]DEBUG  2406[main] - org.springframework.beans.CachedIntrospectionResults.<init>(CachedIntrospectionResults.java:267) - Found bean property 'class' of type [java.lang.Class]
[2009-09-19 17:49:34,562]DEBUG  2406[main] - org.springframework.beans.CachedIntrospectionResults.<init>(CachedIntrospectionResults.java:267) - Found bean property 'entityInterceptor' of type [org.hibernate.Interceptor]
[2009-09-19 17:49:34,562]DEBUG  2406[main] - org.springframework.beans.CachedIntrospectionResults.<init>(CachedIntrospectionResults.java:267) - Found bean property 'entityInterceptorBeanName' of type [java.lang.String]
[2009-09-19 17:49:34,578]DEBUG  2422[main] - org.springframework.beans.CachedIntrospectionResults.<init>(CachedIntrospectionResults.java:267) - Found bean property 'exceptionConversionEnabled' of type [boolean]
[2009-09-19 17:49:34,578]DEBUG  2422[main] - org.springframework.beans.CachedIntrospectionResults.<init>(CachedIntrospectionResults.java:267) - Found bean property 'filterName' of type [java.lang.String]
[2009-09-19 17:49:34,578]DEBUG  2422[main] - org.springframework.beans.CachedIntrospectionResults.<init>(CachedIntrospectionResults.java:267) - Found bean property 'filterNames' of type [[Ljava.lang.String;]
[2009-09-19 17:49:34,578]DEBUG  2422[main] - org.springframework.beans.CachedIntrospectionResults.<init>(CachedIntrospectionResults.java:267) - Found bean property 'flushMode' of type [int]
[2009-09-19 17:49:34,578]DEBUG  2422[main] - org.springframework.beans.CachedIntrospectionResults.<init>(CachedIntrospectionResults.java:267) - Found bean property 'flushModeName' of type [java.lang.String]
[2009-09-19 17:49:34,578]DEBUG  2422[main] - org.springframework.beans.CachedIntrospectionResults.<init>(CachedIntrospectionResults.java:267) - Found bean property 'jdbcExceptionTranslator' of type [org.springframework.jdbc.support.SQLExceptionTranslator]
[2009-09-19 17:49:34,578]DEBUG  2422[main] - org.springframework.beans.CachedIntrospectionResults.<init>(CachedIntrospectionResults.java:267) - Found bean property 'sessionFactory' of type [org.hibernate.SessionFactory]
[2009-09-19 17:49:34,578]DEBUG  2422[main] - org.springframework.core.CollectionFactory.createLinkedMapIfPossible(CollectionFactory.java:106) - Creating [java.util.LinkedHashMap]
[2009-09-19 17:49:34,578]DEBUG  2422[main] - org.springframework.beans.factory.support.AbstractAutowireCapableBeanFactory.createBean(AbstractAutowireCapableBeanFactory.java:395) - Eagerly caching bean 'hibernateInterceptor' to allow for resolving potential circular references
[2009-09-19 17:49:34,578]DEBUG  2422[main] - org.springframework.beans.factory.support.AbstractAutowireCapableBeanFactory.autowireByName(AbstractAutowireCapableBeanFactory.java:866) - Not autowiring property 'entityInterceptor' of bean 'hibernateInterceptor' by name: no matching bean found
[2009-09-19 17:49:34,578]DEBUG  2422[main] - org.springframework.beans.factory.support.AbstractAutowireCapableBeanFactory.autowireByName(AbstractAutowireCapableBeanFactory.java:866) - Not autowiring property 'jdbcExceptionTranslator' of bean 'hibernateInterceptor' by name: no matching bean found
[2009-09-19 17:49:34,578]DEBUG  2422[main] - org.springframework.beans.factory.support.AbstractBeanFactory.getBean(AbstractBeanFactory.java:203) - Returning cached instance of singleton bean 'sessionFactory'
[2009-09-19 17:49:34,578]DEBUG  2422[main] - org.springframework.core.CollectionFactory.createLinkedSetIfPossible(CollectionFactory.java:82) - Creating [java.util.LinkedHashSet]
[2009-09-19 17:49:34,578]DEBUG  2422[main] - org.springframework.beans.factory.support.AbstractAutowireCapableBeanFactory.autowireByName(AbstractAutowireCapableBeanFactory.java:860) - Added autowiring by name from bean name 'hibernateInterceptor' via property 'sessionFactory' to bean named 'sessionFactory'
[2009-09-19 17:49:34,578]DEBUG  2422[main] - org.springframework.beans.factory.support.DefaultSingletonBeanRegistry.getSingleton(DefaultSingletonBeanRegistry.java:140) - Creating shared instance of singleton bean 'surfSpotDaoTarget'
[2009-09-19 17:49:34,593]DEBUG  2437[main] - org.springframework.beans.factory.support.AbstractAutowireCapableBeanFactory.createBean(AbstractAutowireCapableBeanFactory.java:344) - Creating instance of bean 'surfSpotDaoTarget' with merged definition [Root bean: class [edu.unicen.surfforecaster.server.dao.SurfSpotDAOHibernateImpl]; scope=singleton; abstract=false; lazyInit=false; autowireCandidate=true; autowireMode=1; dependencyCheck=0; factoryBeanName=null; factoryMethodName=null; initMethodName=null; destroyMethodName=null; defined in ServletContext resource [/WEB-INF/dao.xml]]
[2009-09-19 17:49:34,593]DEBUG  2437[main] - org.springframework.beans.CachedIntrospectionResults.<init>(CachedIntrospectionResults.java:242) - Getting BeanInfo for class [edu.unicen.surfforecaster.server.dao.SurfSpotDAOHibernateImpl]
[2009-09-19 17:49:34,593]DEBUG  2437[main] - org.springframework.beans.CachedIntrospectionResults.<init>(CachedIntrospectionResults.java:258) - Caching PropertyDescriptors for class [edu.unicen.surfforecaster.server.dao.SurfSpotDAOHibernateImpl]
[2009-09-19 17:49:34,593]DEBUG  2437[main] - org.springframework.beans.CachedIntrospectionResults.<init>(CachedIntrospectionResults.java:267) - Found bean property 'allSurfSpots' of type [java.util.Collection]
[2009-09-19 17:49:34,593]DEBUG  2437[main] - org.springframework.beans.CachedIntrospectionResults.<init>(CachedIntrospectionResults.java:267) - Found bean property 'class' of type [java.lang.Class]
[2009-09-19 17:49:34,593]DEBUG  2437[main] - org.springframework.beans.CachedIntrospectionResults.<init>(CachedIntrospectionResults.java:267) - Found bean property 'hibernateTemplate' of type [org.springframework.orm.hibernate3.HibernateTemplate]
[2009-09-19 17:49:34,593]DEBUG  2437[main] - org.springframework.beans.CachedIntrospectionResults.<init>(CachedIntrospectionResults.java:267) - Found bean property 'sessionFactory' of type [org.hibernate.SessionFactory]
[2009-09-19 17:49:34,593]DEBUG  2437[main] - org.springframework.core.CollectionFactory.createLinkedMapIfPossible(CollectionFactory.java:106) - Creating [java.util.LinkedHashMap]
[2009-09-19 17:49:34,593]DEBUG  2437[main] - org.springframework.beans.factory.support.AbstractAutowireCapableBeanFactory.createBean(AbstractAutowireCapableBeanFactory.java:395) - Eagerly caching bean 'surfSpotDaoTarget' to allow for resolving potential circular references
[2009-09-19 17:49:34,609]DEBUG  2453[main] - org.springframework.beans.factory.support.AbstractAutowireCapableBeanFactory.autowireByName(AbstractAutowireCapableBeanFactory.java:866) - Not autowiring property 'hibernateTemplate' of bean 'surfSpotDaoTarget' by name: no matching bean found
[2009-09-19 17:49:34,609]DEBUG  2453[main] - org.springframework.beans.factory.support.AbstractBeanFactory.getBean(AbstractBeanFactory.java:203) - Returning cached instance of singleton bean 'sessionFactory'
[2009-09-19 17:49:34,609]DEBUG  2453[main] - org.springframework.beans.factory.support.AbstractAutowireCapableBeanFactory.autowireByName(AbstractAutowireCapableBeanFactory.java:860) - Added autowiring by name from bean name 'surfSpotDaoTarget' via property 'sessionFactory' to bean named 'sessionFactory'
[2009-09-19 17:49:34,609]DEBUG  2453[main] - org.springframework.beans.factory.support.DefaultSingletonBeanRegistry.getSingleton(DefaultSingletonBeanRegistry.java:140) - Creating shared instance of singleton bean 'surfSpotDAO'
[2009-09-19 17:49:34,609]DEBUG  2453[main] - org.springframework.beans.factory.support.AbstractAutowireCapableBeanFactory.createBean(AbstractAutowireCapableBeanFactory.java:344) - Creating instance of bean 'surfSpotDAO' with merged definition [Root bean: class [org.springframework.aop.framework.ProxyFactoryBean]; scope=singleton; abstract=false; lazyInit=false; autowireCandidate=true; autowireMode=0; dependencyCheck=0; factoryBeanName=null; factoryMethodName=null; initMethodName=null; destroyMethodName=null; defined in ServletContext resource [/WEB-INF/dao.xml]]
[2009-09-19 17:49:34,625]DEBUG  2469[main] - org.springframework.core.CollectionFactory.createIdentityMapIfPossible(CollectionFactory.java:154) - Creating [java.util.IdentityHashMap]
[2009-09-19 17:49:34,625]DEBUG  2469[main] - org.springframework.beans.CachedIntrospectionResults.<init>(CachedIntrospectionResults.java:242) - Getting BeanInfo for class [org.springframework.aop.framework.ProxyFactoryBean]
[2009-09-19 17:49:34,640]DEBUG  2484[main] - org.springframework.beans.CachedIntrospectionResults.<init>(CachedIntrospectionResults.java:258) - Caching PropertyDescriptors for class [org.springframework.aop.framework.ProxyFactoryBean]
[2009-09-19 17:49:34,687]DEBUG  2531[main] - org.springframework.beans.CachedIntrospectionResults.<init>(CachedIntrospectionResults.java:267) - Found bean property 'advisorAdapterRegistry' of type [org.springframework.aop.framework.adapter.AdvisorAdapterRegistry]
[2009-09-19 17:49:34,687]DEBUG  2531[main] - org.springframework.beans.CachedIntrospectionResults.<init>(CachedIntrospectionResults.java:267) - Found bean property 'advisorChainFactory' of type [org.springframework.aop.framework.AdvisorChainFactory]
[2009-09-19 17:49:34,687]DEBUG  2531[main] - org.springframework.beans.CachedIntrospectionResults.<init>(CachedIntrospectionResults.java:267) - Found bean property 'advisors' of type [[Lorg.springframework.aop.Advisor;]
[2009-09-19 17:49:34,687]DEBUG  2531[main] - org.springframework.beans.CachedIntrospectionResults.<init>(CachedIntrospectionResults.java:267) - Found bean property 'aopProxyFactory' of type [org.springframework.aop.framework.AopProxyFactory]
[2009-09-19 17:49:34,687]DEBUG  2531[main] - org.springframework.beans.CachedIntrospectionResults.<init>(CachedIntrospectionResults.java:267) - Found bean property 'autodetectInterfaces' of type [boolean]
[2009-09-19 17:49:34,687]DEBUG  2531[main] - org.springframework.beans.CachedIntrospectionResults.<init>(CachedIntrospectionResults.java:267) - Found bean property 'beanClassLoader' of type [java.lang.ClassLoader]
[2009-09-19 17:49:34,687]DEBUG  2531[main] - org.springframework.beans.CachedIntrospectionResults.<init>(CachedIntrospectionResults.java:267) - Found bean property 'beanFactory' of type [org.springframework.beans.factory.BeanFactory]
[2009-09-19 17:49:34,687]DEBUG  2531[main] - org.springframework.beans.CachedIntrospectionResults.<init>(CachedIntrospectionResults.java:267) - Found bean property 'class' of type [java.lang.Class]
[2009-09-19 17:49:34,687]DEBUG  2531[main] - org.springframework.beans.CachedIntrospectionResults.<init>(CachedIntrospectionResults.java:267) - Found bean property 'exposeProxy' of type [boolean]
[2009-09-19 17:49:34,687]DEBUG  2531[main] - org.springframework.beans.CachedIntrospectionResults.<init>(CachedIntrospectionResults.java:267) - Found bean property 'frozen' of type [boolean]
[2009-09-19 17:49:34,687]DEBUG  2531[main] - org.springframework.beans.CachedIntrospectionResults.<init>(CachedIntrospectionResults.java:267) - Found bean property 'interceptorNames' of type [[Ljava.lang.String;]
[2009-09-19 17:49:34,687]DEBUG  2531[main] - org.springframework.beans.CachedIntrospectionResults.<init>(CachedIntrospectionResults.java:267) - Found bean property 'interfaces' of type [[Ljava.lang.Class;]
[2009-09-19 17:49:34,687]DEBUG  2531[main] - org.springframework.beans.CachedIntrospectionResults.<init>(CachedIntrospectionResults.java:267) - Found bean property 'object' of type [java.lang.Object]
[2009-09-19 17:49:34,687]DEBUG  2531[main] - org.springframework.beans.CachedIntrospectionResults.<init>(CachedIntrospectionResults.java:267) - Found bean property 'objectType' of type [java.lang.Class]
[2009-09-19 17:49:34,687]DEBUG  2531[main] - org.springframework.beans.CachedIntrospectionResults.<init>(CachedIntrospectionResults.java:267) - Found bean property 'opaque' of type [boolean]
[2009-09-19 17:49:34,687]DEBUG  2531[main] - org.springframework.beans.CachedIntrospectionResults.<init>(CachedIntrospectionResults.java:267) - Found bean property 'optimize' of type [boolean]
[2009-09-19 17:49:34,687]DEBUG  2531[main] - org.springframework.beans.CachedIntrospectionResults.<init>(CachedIntrospectionResults.java:267) - Found bean property 'proxiedInterfaces' of type [[Ljava.lang.Class;]
[2009-09-19 17:49:34,703]DEBUG  2547[main] - org.springframework.beans.CachedIntrospectionResults.<init>(CachedIntrospectionResults.java:267) - Found bean property 'proxyInterfaces' of type [[Ljava.lang.Class;]
[2009-09-19 17:49:34,703]DEBUG  2547[main] - org.springframework.beans.CachedIntrospectionResults.<init>(CachedIntrospectionResults.java:267) - Found bean property 'proxyTargetClass' of type [boolean]
[2009-09-19 17:49:34,703]DEBUG  2547[main] - org.springframework.beans.CachedIntrospectionResults.<init>(CachedIntrospectionResults.java:267) - Found bean property 'singleton' of type [boolean]
[2009-09-19 17:49:34,703]DEBUG  2547[main] - org.springframework.beans.CachedIntrospectionResults.<init>(CachedIntrospectionResults.java:267) - Found bean property 'target' of type [java.lang.Object]
[2009-09-19 17:49:34,703]DEBUG  2547[main] - org.springframework.beans.CachedIntrospectionResults.<init>(CachedIntrospectionResults.java:267) - Found bean property 'targetClass' of type [java.lang.Class]
[2009-09-19 17:49:34,703]DEBUG  2547[main] - org.springframework.beans.CachedIntrospectionResults.<init>(CachedIntrospectionResults.java:267) - Found bean property 'targetName' of type [java.lang.String]
[2009-09-19 17:49:34,703]DEBUG  2547[main] - org.springframework.beans.CachedIntrospectionResults.<init>(CachedIntrospectionResults.java:267) - Found bean property 'targetSource' of type [org.springframework.aop.TargetSource]
[2009-09-19 17:49:34,703]DEBUG  2547[main] - org.springframework.core.CollectionFactory.createLinkedMapIfPossible(CollectionFactory.java:106) - Creating [java.util.LinkedHashMap]
[2009-09-19 17:49:34,703]DEBUG  2547[main] - org.springframework.beans.factory.support.AbstractAutowireCapableBeanFactory.createBean(AbstractAutowireCapableBeanFactory.java:395) - Eagerly caching bean 'surfSpotDAO' to allow for resolving potential circular references
[2009-09-19 17:49:34,703]DEBUG  2547[main] - org.springframework.beans.TypeConverterDelegate.doConvertValue(TypeConverterDelegate.java:293) - Converting String to [class [Ljava.lang.Class;] using property editor [org.springframework.beans.propertyeditors.ClassArrayEditor@1527a1e]
[2009-09-19 17:49:34,703]DEBUG  2547[main] - org.springframework.aop.framework.ProxyFactoryBean.adviceChanged(ProxyFactoryBean.java:569) - Advice has changed; recaching singleton instance
[2009-09-19 17:49:34,703]DEBUG  2547[main] - org.springframework.aop.framework.ProxyFactoryBean.checkInterceptorNames(ProxyFactoryBean.java:359) - Bean with name 'surfSpotDaoTarget' concluding interceptor chain is not an advisor class: treating it as a target or TargetSource
[2009-09-19 17:49:34,703]DEBUG  2547[main] - org.springframework.beans.factory.support.DefaultSingletonBeanRegistry.getSingleton(DefaultSingletonBeanRegistry.java:140) - Creating shared instance of singleton bean 'myServiceBean'
[2009-09-19 17:49:34,703]DEBUG  2547[main] - org.springframework.beans.factory.support.AbstractAutowireCapableBeanFactory.createBean(AbstractAutowireCapableBeanFactory.java:344) - Creating instance of bean 'myServiceBean' with merged definition [Root bean: class [edu.unicen.surfforecaster.server.services.MyServiceImplementation]; scope=singleton; abstract=false; lazyInit=false; autowireCandidate=true; autowireMode=0; dependencyCheck=0; factoryBeanName=null; factoryMethodName=null; initMethodName=null; destroyMethodName=null; defined in ServletContext resource [/WEB-INF/services.xml]]
[2009-09-19 17:49:34,703]DEBUG  2547[main] - org.springframework.beans.CachedIntrospectionResults.<init>(CachedIntrospectionResults.java:242) - Getting BeanInfo for class [edu.unicen.surfforecaster.server.services.MyServiceImplementation]
[2009-09-19 17:49:34,718]DEBUG  2562[main] - org.springframework.beans.CachedIntrospectionResults.<init>(CachedIntrospectionResults.java:258) - Caching PropertyDescriptors for class [edu.unicen.surfforecaster.server.services.MyServiceImplementation]
[2009-09-19 17:49:34,718]DEBUG  2562[main] - org.springframework.beans.CachedIntrospectionResults.<init>(CachedIntrospectionResults.java:267) - Found bean property 'class' of type [java.lang.Class]
[2009-09-19 17:49:34,718]DEBUG  2562[main] - org.springframework.beans.CachedIntrospectionResults.<init>(CachedIntrospectionResults.java:267) - Found bean property 'surfSpotDAO' of type [edu.unicen.surfforecaster.server.dao.SurfSpotDAO]
[2009-09-19 17:49:34,718]DEBUG  2562[main] - org.springframework.core.CollectionFactory.createLinkedMapIfPossible(CollectionFactory.java:106) - Creating [java.util.LinkedHashMap]
[2009-09-19 17:49:34,718]DEBUG  2562[main] - org.springframework.beans.factory.support.AbstractAutowireCapableBeanFactory.createBean(AbstractAutowireCapableBeanFactory.java:395) - Eagerly caching bean 'myServiceBean' to allow for resolving potential circular references
[2009-09-19 17:49:34,718]DEBUG  2562[main] - org.springframework.beans.factory.support.AbstractBeanFactory.getBean(AbstractBeanFactory.java:203) - Returning cached instance of singleton bean 'surfSpotDAO'
[2009-09-19 17:49:34,718]DEBUG  2562[main] - org.springframework.aop.framework.ProxyFactoryBean.initializeAdvisorChain(ProxyFactoryBean.java:410) - Configuring advisor or advice 'hibernateInterceptor'
[2009-09-19 17:49:34,718]DEBUG  2562[main] - org.springframework.beans.factory.support.AbstractBeanFactory.getBean(AbstractBeanFactory.java:203) - Returning cached instance of singleton bean 'hibernateInterceptor'
[2009-09-19 17:49:34,734]DEBUG  2578[main] - org.springframework.aop.framework.ProxyFactoryBean.addAdvisorOnChainCreation(ProxyFactoryBean.java:519) - Adding advisor with name 'hibernateInterceptor'
[2009-09-19 17:49:34,734]DEBUG  2578[main] - org.springframework.aop.framework.ProxyFactoryBean.adviceChanged(ProxyFactoryBean.java:569) - Advice has changed; recaching singleton instance
[2009-09-19 17:49:34,734]DEBUG  2578[main] - org.springframework.aop.framework.ProxyFactoryBean.freshTargetSource(ProxyFactoryBean.java:539) - Refreshing target with name 'surfSpotDaoTarget'
[2009-09-19 17:49:34,750]DEBUG  2594[main] - org.springframework.beans.factory.support.AbstractBeanFactory.getBean(AbstractBeanFactory.java:203) - Returning cached instance of singleton bean 'surfSpotDaoTarget'
[2009-09-19 17:49:34,750]DEBUG  2594[main] - org.springframework.aop.framework.JdkDynamicAopProxy.getProxy(JdkDynamicAopProxy.java:112) - Creating JDK dynamic proxy: target source is SingletonTargetSource for target object [edu.unicen.surfforecaster.server.dao.SurfSpotDAOHibernateImpl@157385e]
[2009-09-19 17:49:34,765]DEBUG  2609[main] - org.springframework.core.CollectionFactory.createLinkedSetIfPossible(CollectionFactory.java:82) - Creating [java.util.LinkedHashSet]
[2009-09-19 17:49:34,765]DEBUG  2609[main] - org.springframework.beans.factory.support.DefaultSingletonBeanRegistry.getSingleton(DefaultSingletonBeanRegistry.java:140) - Creating shared instance of singleton bean 'ForecastCommonServices'
[2009-09-19 17:49:34,765]DEBUG  2609[main] - org.springframework.beans.factory.support.AbstractAutowireCapableBeanFactory.createBean(AbstractAutowireCapableBeanFactory.java:344) - Creating instance of bean 'ForecastCommonServices' with merged definition [Root bean: class [edu.unicen.surfforecaster.gwt.server.ForecastCommonServicesImpl]; scope=singleton; abstract=false; lazyInit=false; autowireCandidate=true; autowireMode=0; dependencyCheck=0; factoryBeanName=null; factoryMethodName=null; initMethodName=null; destroyMethodName=null; defined in ServletContext resource [/WEB-INF/applicationContext.xml]]
[2009-09-19 17:49:34,781]DEBUG  2625[main] - org.springframework.beans.CachedIntrospectionResults.<init>(CachedIntrospectionResults.java:242) - Getting BeanInfo for class [edu.unicen.surfforecaster.gwt.server.ForecastCommonServicesImpl]
[2009-09-19 17:49:34,796]DEBUG  2640[main] - org.springframework.beans.CachedIntrospectionResults.<init>(CachedIntrospectionResults.java:258) - Caching PropertyDescriptors for class [edu.unicen.surfforecaster.gwt.server.ForecastCommonServicesImpl]
[2009-09-19 17:49:34,796]DEBUG  2640[main] - org.springframework.beans.CachedIntrospectionResults.<init>(CachedIntrospectionResults.java:267) - Found bean property 'area' of type [edu.unicen.surfforecaster.gwt.client.Area]
[2009-09-19 17:49:34,796]DEBUG  2640[main] - org.springframework.beans.CachedIntrospectionResults.<init>(CachedIntrospectionResults.java:267) - Found bean property 'areas' of type [java.util.Map]
[2009-09-19 17:49:34,796]DEBUG  2640[main] - org.springframework.beans.CachedIntrospectionResults.<init>(CachedIntrospectionResults.java:267) - Found bean property 'class' of type [java.lang.Class]
[2009-09-19 17:49:34,796]DEBUG  2640[main] - org.springframework.beans.CachedIntrospectionResults.<init>(CachedIntrospectionResults.java:267) - Found bean property 'initParameterNames' of type [java.util.Enumeration]
[2009-09-19 17:49:34,796]DEBUG  2640[main] - org.springframework.beans.CachedIntrospectionResults.<init>(CachedIntrospectionResults.java:267) - Found bean property 'service' of type [edu.unicen.surfforecaster.common.services.MyServiceI]
[2009-09-19 17:49:34,796]DEBUG  2640[main] - org.springframework.beans.CachedIntrospectionResults.<init>(CachedIntrospectionResults.java:267) - Found bean property 'servletConfig' of type [javax.servlet.ServletConfig]
[2009-09-19 17:49:34,796]DEBUG  2640[main] - org.springframework.beans.CachedIntrospectionResults.<init>(CachedIntrospectionResults.java:267) - Found bean property 'servletContext' of type [javax.servlet.ServletContext]
[2009-09-19 17:49:34,812]DEBUG  2656[main] - org.springframework.beans.CachedIntrospectionResults.<init>(CachedIntrospectionResults.java:267) - Found bean property 'servletInfo' of type [java.lang.String]
[2009-09-19 17:49:34,812]DEBUG  2656[main] - org.springframework.beans.CachedIntrospectionResults.<init>(CachedIntrospectionResults.java:267) - Found bean property 'servletName' of type [java.lang.String]
[2009-09-19 17:49:34,812]DEBUG  2656[main] - org.springframework.beans.CachedIntrospectionResults.<init>(CachedIntrospectionResults.java:267) - Found bean property 'sessionData' of type [edu.unicen.surfforecaster.gwt.client.SessionData]
[2009-09-19 17:49:34,812]DEBUG  2656[main] - org.springframework.core.CollectionFactory.createLinkedMapIfPossible(CollectionFactory.java:106) - Creating [java.util.LinkedHashMap]
[2009-09-19 17:49:34,812]DEBUG  2656[main] - org.springframework.beans.factory.support.AbstractAutowireCapableBeanFactory.createBean(AbstractAutowireCapableBeanFactory.java:395) - Eagerly caching bean 'ForecastCommonServices' to allow for resolving potential circular references
[2009-09-19 17:49:34,812]DEBUG  2656[main] - org.springframework.beans.factory.support.AbstractBeanFactory.getBean(AbstractBeanFactory.java:203) - Returning cached instance of singleton bean 'myServiceBean'
[2009-09-19 17:49:34,812]DEBUG  2656[main] - org.springframework.core.CollectionFactory.createLinkedSetIfPossible(CollectionFactory.java:82) - Creating [java.util.LinkedHashSet]
[2009-09-19 17:49:34,812]DEBUG  2656[main] - org.springframework.context.support.AbstractApplicationContext.publishEvent(AbstractApplicationContext.java:244) - Publishing event in context [org.springframework.web.context.support.XmlWebApplicationContext@183113b]: org.springframework.context.event.ContextRefreshedEvent[source=org.springframework.web.context.support.XmlWebApplicationContext@183113b: display name [Root WebApplicationContext]; startup date [Sat Sep 19 17:49:32 ART 2009]; root of context hierarchy]
[2009-09-19 17:49:34,812]DEBUG  2656[main] - org.springframework.web.context.ContextLoader.initWebApplicationContext(ContextLoader.java:189) - Published root WebApplicationContext as ServletContext attribute with name [org.springframework.web.context.WebApplicationContext.ROOT]
[2009-09-19 17:49:34,812] INFO  2656[main] - org.springframework.web.context.ContextLoader.initWebApplicationContext(ContextLoader.java:194) - Root WebApplicationContext: initialization completed in 2656 ms
[2009-09-19 17:49:34,843]DEBUG  2687[main] - org.apache.jasper.compiler.JspRuntimeContext.<init>(JspRuntimeContext.java:104) - El cargador de clases es: ContextLoader@null
[2009-09-19 17:49:34,859]DEBUG  2703[main] - org.apache.jasper.servlet.JspServlet.init(JspServlet.java:80) - El directorio de trabajo para el motor JSP es: C:\DOCUME~1\MAXI\CONFIG~1\Temp\Jetty_0_0_0_0_8888_war____masbuh\jsp
[2009-09-19 17:49:34,859]DEBUG  2703[main] - org.apache.jasper.servlet.JspServlet.init(JspServlet.java:82) - IMPORTANTE: No modifique los servlets generados
[2009-09-19 17:49:49,453]DEBUG 17297[btpool0-0] - org.springframework.beans.factory.support.AbstractBeanFactory.getBean(AbstractBeanFactory.java:203) - Returning cached instance of singleton bean 'ForecastCommonServices'
