[2009-09-06 11:09:51,018]DEBUG     0[main] - org.apache.jasper.compiler.JspRuntimeContext.<init>(JspRuntimeContext.java:104) - El cargador de clases es: ContextLoader@null
[2009-09-06 11:09:51,027]DEBUG     9[main] - org.apache.jasper.servlet.JspServlet.init(JspServlet.java:80) - El directorio de trabajo para el motor JSP es: C:\Users\esteban\AppData\Local\Temp\Jetty_0_0_0_0_8888_war____masbuh\jsp
[2009-09-06 11:09:51,028]DEBUG    10[main] - org.apache.jasper.servlet.JspServlet.init(JspServlet.java:82) - IMPORTANTE: No modifique los servlets generados
[2009-09-06 11:13:29,877]DEBUG218859[main] - org.apache.jasper.servlet.JspServlet.destroy(JspServlet.java:251) - JspServlet.destroy()
[2009-09-06 11:13:37,150]DEBUG     0[main] - org.apache.jasper.compiler.JspRuntimeContext.<init>(JspRuntimeContext.java:104) - El cargador de clases es: ContextLoader@null
[2009-09-06 11:13:37,158]DEBUG     8[main] - org.apache.jasper.servlet.JspServlet.init(JspServlet.java:80) - El directorio de trabajo para el motor JSP es: C:\Users\esteban\AppData\Local\Temp\Jetty_0_0_0_0_8888_war____masbuh\jsp
[2009-09-06 11:13:37,159]DEBUG     9[main] - org.apache.jasper.servlet.JspServlet.init(JspServlet.java:82) - IMPORTANTE: No modifique los servlets generados
[2009-09-06 11:18:34,367]DEBUG     0[main] - org.apache.jasper.compiler.JspRuntimeContext.<init>(JspRuntimeContext.java:104) - El cargador de clases es: ContextLoader@null
[2009-09-06 11:18:34,374]DEBUG     7[main] - org.apache.jasper.servlet.JspServlet.init(JspServlet.java:80) - El directorio de trabajo para el motor JSP es: C:\Users\esteban\AppData\Local\Temp\Jetty_0_0_0_0_8888_war____masbuh\jsp
[2009-09-06 11:18:34,375]DEBUG     8[main] - org.apache.jasper.servlet.JspServlet.init(JspServlet.java:82) - IMPORTANTE: No modifique los servlets generados
[2009-09-06 11:18:52,705]DEBUG315555[main] - org.apache.jasper.servlet.JspServlet.destroy(JspServlet.java:251) - JspServlet.destroy()
[2009-09-06 11:19:04,079]DEBUG     0[main] - org.apache.jasper.compiler.JspRuntimeContext.<init>(JspRuntimeContext.java:104) - El cargador de clases es: ContextLoader@null
[2009-09-06 11:19:04,087]DEBUG     8[main] - org.apache.jasper.servlet.JspServlet.init(JspServlet.java:80) - El directorio de trabajo para el motor JSP es: C:\Users\esteban\AppData\Local\Temp\Jetty_0_0_0_0_8888_war____masbuh\jsp
[2009-09-06 11:19:04,088]DEBUG     9[main] - org.apache.jasper.servlet.JspServlet.init(JspServlet.java:82) - IMPORTANTE: No modifique los servlets generados
[2009-09-06 11:21:48,399]DEBUG164320[main] - org.apache.jasper.servlet.JspServlet.destroy(JspServlet.java:251) - JspServlet.destroy()
[2009-09-06 11:21:57,922] INFO     0[main] - org.springframework.web.context.ContextLoader.initWebApplicationContext(ContextLoader.java:174) - Root WebApplicationContext: initialization started
[2009-09-06 11:21:57,975] INFO    53[main] - org.springframework.context.support.AbstractApplicationContext.refresh(AbstractApplicationContext.java:305) - Refreshing org.springframework.web.context.support.XmlWebApplicationContext@5d7e06: display name [Root WebApplicationContext]; startup date [Sun Sep 06 11:21:57 ACT 2009]; root of context hierarchy
[2009-09-06 11:21:58,038]DEBUG   116[main] - org.springframework.core.CollectionFactory.createLinkedMapIfPossible(CollectionFactory.java:106) - Creating [java.util.LinkedHashMap]
[2009-09-06 11:21:58,041]DEBUG   119[main] - org.springframework.core.CollectionFactory.createLinkedMapIfPossible(CollectionFactory.java:106) - Creating [java.util.LinkedHashMap]
[2009-09-06 11:21:58,042]DEBUG   120[main] - org.springframework.core.CollectionFactory.createLinkedSetIfPossible(CollectionFactory.java:82) - Creating [java.util.LinkedHashSet]
[2009-09-06 11:21:58,042]DEBUG   120[main] - org.springframework.core.CollectionFactory.createIdentityMapIfPossible(CollectionFactory.java:154) - Creating [java.util.IdentityHashMap]
[2009-09-06 11:21:58,101]DEBUG   179[main] - org.springframework.beans.factory.xml.PluggableSchemaResolver.<init>(PluggableSchemaResolver.java:95) - Loading schema mappings from [META-INF/spring.schemas]
[2009-09-06 11:21:58,103]DEBUG   181[main] - org.springframework.beans.factory.xml.PluggableSchemaResolver.<init>(PluggableSchemaResolver.java:101) - Loaded schema mappings: {http://www.springframework.org/schema/aop/spring-aop-2.0.xsd=org/springframework/aop/config/spring-aop-2.0.xsd, http://www.springframework.org/schema/util/spring-util.xsd=org/springframework/beans/factory/xml/spring-util-2.0.xsd, http://www.springframework.org/schema/util/spring-util-2.0.xsd=org/springframework/beans/factory/xml/spring-util-2.0.xsd, http://www.springframework.org/schema/jee/spring-jee.xsd=org/springframework/ejb/config/spring-jee-2.0.xsd, http://www.springframework.org/schema/beans/spring-beans.xsd=org/springframework/beans/factory/xml/spring-beans-2.0.xsd, http://www.springframework.org/schema/lang/spring-lang-2.0.xsd=org/springframework/scripting/config/spring-lang-2.0.xsd, http://www.springframework.org/schema/tx/spring-tx-2.0.xsd=org/springframework/transaction/config/spring-tx-2.0.xsd, http://www.springframework.org/schema/lang/spring-lang.xsd=org/springframework/scripting/config/spring-lang-2.0.xsd, http://www.springframework.org/schema/tool/spring-tool.xsd=org/springframework/beans/factory/xml/spring-tool-2.0.xsd, http://www.springframework.org/schema/aop/spring-aop.xsd=org/springframework/aop/config/spring-aop-2.0.xsd, http://www.springframework.org/schema/tx/spring-tx.xsd=org/springframework/transaction/config/spring-tx-2.0.xsd, http://www.springframework.org/schema/tool/spring-tool-2.0.xsd=org/springframework/beans/factory/xml/spring-tool-2.0.xsd, http://www.springframework.org/schema/jee/spring-jee-2.0.xsd=org/springframework/ejb/config/spring-jee-2.0.xsd, http://www.springframework.org/schema/beans/spring-beans-2.0.xsd=org/springframework/beans/factory/xml/spring-beans-2.0.xsd}
[2009-09-06 11:21:58,104]DEBUG   182[main] - org.springframework.beans.factory.xml.PluggableSchemaResolver.<init>(PluggableSchemaResolver.java:95) - Loading schema mappings from [META-INF/spring.schemas]
[2009-09-06 11:21:58,106]DEBUG   184[main] - org.springframework.beans.factory.xml.PluggableSchemaResolver.<init>(PluggableSchemaResolver.java:101) - Loaded schema mappings: {http://www.springframework.org/schema/aop/spring-aop-2.0.xsd=org/springframework/aop/config/spring-aop-2.0.xsd, http://www.springframework.org/schema/util/spring-util.xsd=org/springframework/beans/factory/xml/spring-util-2.0.xsd, http://www.springframework.org/schema/util/spring-util-2.0.xsd=org/springframework/beans/factory/xml/spring-util-2.0.xsd, http://www.springframework.org/schema/jee/spring-jee.xsd=org/springframework/ejb/config/spring-jee-2.0.xsd, http://www.springframework.org/schema/beans/spring-beans.xsd=org/springframework/beans/factory/xml/spring-beans-2.0.xsd, http://www.springframework.org/schema/lang/spring-lang-2.0.xsd=org/springframework/scripting/config/spring-lang-2.0.xsd, http://www.springframework.org/schema/tx/spring-tx-2.0.xsd=org/springframework/transaction/config/spring-tx-2.0.xsd, http://www.springframework.org/schema/lang/spring-lang.xsd=org/springframework/scripting/config/spring-lang-2.0.xsd, http://www.springframework.org/schema/tool/spring-tool.xsd=org/springframework/beans/factory/xml/spring-tool-2.0.xsd, http://www.springframework.org/schema/aop/spring-aop.xsd=org/springframework/aop/config/spring-aop-2.0.xsd, http://www.springframework.org/schema/tx/spring-tx.xsd=org/springframework/transaction/config/spring-tx-2.0.xsd, http://www.springframework.org/schema/tool/spring-tool-2.0.xsd=org/springframework/beans/factory/xml/spring-tool-2.0.xsd, http://www.springframework.org/schema/jee/spring-jee-2.0.xsd=org/springframework/ejb/config/spring-jee-2.0.xsd, http://www.springframework.org/schema/beans/spring-beans-2.0.xsd=org/springframework/beans/factory/xml/spring-beans-2.0.xsd}
[2009-09-06 11:21:58,113] INFO   191[main] - org.springframework.beans.factory.xml.XmlBeanDefinitionReader.loadBeanDefinitions(XmlBeanDefinitionReader.java:293) - Loading XML bean definitions from ServletContext resource [/WEB-INF/applicationContext.xml]
[2009-09-06 11:21:58,121]DEBUG   199[main] - org.springframework.beans.factory.xml.DefaultDocumentLoader.loadDocument(DefaultDocumentLoader.java:73) - Using JAXP provider [com.sun.org.apache.xerces.internal.jaxp.DocumentBuilderFactoryImpl]
[2009-09-06 11:21:58,178]DEBUG   256[main] - org.springframework.beans.factory.xml.PluggableSchemaResolver.resolveEntity(PluggableSchemaResolver.java:113) - Trying to resolve XML entity with public id [null] and system id [http://www.springframework.org/schema/beans/spring-beans-2.0.xsd]
[2009-09-06 11:21:58,179]DEBUG   257[main] - org.springframework.beans.factory.xml.PluggableSchemaResolver.resolveEntity(PluggableSchemaResolver.java:124) - Found XML schema [http://www.springframework.org/schema/beans/spring-beans-2.0.xsd] in classpath: org/springframework/beans/factory/xml/spring-beans-2.0.xsd
[2009-09-06 11:21:58,246]DEBUG   324[main] - org.springframework.beans.factory.xml.DefaultNamespaceHandlerResolver.initHandlerMappings(DefaultNamespaceHandlerResolver.java:110) - Loaded mappings [{http://www.springframework.org/schema/p=org.springframework.beans.factory.xml.SimplePropertyNamespaceHandler, http://www.springframework.org/schema/lang=org.springframework.scripting.config.LangNamespaceHandler, http://www.springframework.org/schema/jee=org.springframework.ejb.config.JeeNamespaceHandler, http://www.springframework.org/schema/aop=org.springframework.aop.config.AopNamespaceHandler, http://www.springframework.org/schema/util=org.springframework.beans.factory.xml.UtilNamespaceHandler, http://www.springframework.org/schema/tx=org.springframework.transaction.config.TxNamespaceHandler}]
[2009-09-06 11:21:58,306]DEBUG   384[main] - org.springframework.beans.factory.xml.DefaultBeanDefinitionDocumentReader.registerBeanDefinitions(DefaultBeanDefinitionDocumentReader.java:84) - Loading bean definitions
[2009-09-06 11:21:58,328] INFO   406[main] - org.springframework.beans.factory.xml.XmlBeanDefinitionReader.loadBeanDefinitions(XmlBeanDefinitionReader.java:293) - Loading XML bean definitions from ServletContext resource [/WEB-INF/services.xml]
[2009-09-06 11:21:58,335]DEBUG   413[main] - org.springframework.beans.factory.xml.DefaultDocumentLoader.loadDocument(DefaultDocumentLoader.java:73) - Using JAXP provider [com.sun.org.apache.xerces.internal.jaxp.DocumentBuilderFactoryImpl]
[2009-09-06 11:21:58,341]DEBUG   419[main] - org.springframework.beans.factory.xml.PluggableSchemaResolver.resolveEntity(PluggableSchemaResolver.java:113) - Trying to resolve XML entity with public id [null] and system id [http://www.springframework.org/schema/beans/spring-beans-2.0.xsd]
[2009-09-06 11:21:58,344]DEBUG   422[main] - org.springframework.beans.factory.xml.PluggableSchemaResolver.resolveEntity(PluggableSchemaResolver.java:124) - Found XML schema [http://www.springframework.org/schema/beans/spring-beans-2.0.xsd] in classpath: org/springframework/beans/factory/xml/spring-beans-2.0.xsd
[2009-09-06 11:21:58,506]DEBUG   584[main] - org.springframework.beans.factory.xml.DefaultNamespaceHandlerResolver.initHandlerMappings(DefaultNamespaceHandlerResolver.java:110) - Loaded mappings [{http://www.springframework.org/schema/p=org.springframework.beans.factory.xml.SimplePropertyNamespaceHandler, http://www.springframework.org/schema/lang=org.springframework.scripting.config.LangNamespaceHandler, http://www.springframework.org/schema/jee=org.springframework.ejb.config.JeeNamespaceHandler, http://www.springframework.org/schema/aop=org.springframework.aop.config.AopNamespaceHandler, http://www.springframework.org/schema/util=org.springframework.beans.factory.xml.UtilNamespaceHandler, http://www.springframework.org/schema/tx=org.springframework.transaction.config.TxNamespaceHandler}]
[2009-09-06 11:21:58,508]DEBUG   586[main] - org.springframework.beans.factory.xml.DefaultBeanDefinitionDocumentReader.registerBeanDefinitions(DefaultBeanDefinitionDocumentReader.java:84) - Loading bean definitions
[2009-09-06 11:21:58,524]DEBUG   602[main] - org.springframework.beans.factory.xml.DefaultBeanDefinitionDocumentReader.importBeanDefinitionResource(DefaultBeanDefinitionDocumentReader.java:187) - Imported 1 bean definitions from relative location [services.xml]
[2009-09-06 11:21:58,528]DEBUG   606[main] - org.springframework.beans.factory.support.AbstractBeanDefinitionReader.loadBeanDefinitions(AbstractBeanDefinitionReader.java:149) - Loaded 2 bean definitions from location pattern [/WEB-INF/applicationContext.xml]
[2009-09-06 11:21:58,529] INFO   607[main] - org.springframework.context.support.AbstractApplicationContext.refresh(AbstractApplicationContext.java:317) - Bean factory for application context [org.springframework.web.context.support.XmlWebApplicationContext@5d7e06]: org.springframework.beans.factory.support.DefaultListableBeanFactory@1f63402
[2009-09-06 11:21:58,531]DEBUG   609[main] - org.springframework.context.support.AbstractApplicationContext.refresh(AbstractApplicationContext.java:321) - 2 beans defined in org.springframework.web.context.support.XmlWebApplicationContext@5d7e06: display name [Root WebApplicationContext]; startup date [Sun Sep 06 11:21:57 ACT 2009]; root of context hierarchy
[2009-09-06 11:21:58,578]DEBUG   656[main] - org.springframework.context.support.AbstractApplicationContext.initMessageSource(AbstractApplicationContext.java:511) - Unable to locate MessageSource with name 'messageSource': using default [org.springframework.context.support.DelegatingMessageSource@8d69f8]
[2009-09-06 11:21:58,582]DEBUG   660[main] - org.springframework.core.CollectionFactory.createLinkedSetIfPossible(CollectionFactory.java:82) - Creating [java.util.LinkedHashSet]
[2009-09-06 11:21:58,584]DEBUG   662[main] - org.springframework.context.support.AbstractApplicationContext.initApplicationEventMulticaster(AbstractApplicationContext.java:533) - Unable to locate ApplicationEventMulticaster with name 'applicationEventMulticaster': using default [org.springframework.context.event.SimpleApplicationEventMulticaster@e1bafc]
[2009-09-06 11:21:58,589]DEBUG   667[main] - org.springframework.ui.context.support.UiApplicationContextUtils.initThemeSource(UiApplicationContextUtils.java:85) - Unable to locate ThemeSource with name 'themeSource': using default [org.springframework.ui.context.support.ResourceBundleThemeSource@522bc4]
[2009-09-06 11:21:58,591]DEBUG   669[main] - org.springframework.core.CollectionFactory.createLinkedMapIfPossible(CollectionFactory.java:106) - Creating [java.util.LinkedHashMap]
[2009-09-06 11:21:58,592] INFO   670[main] - org.springframework.beans.factory.support.DefaultListableBeanFactory.preInstantiateSingletons(DefaultListableBeanFactory.java:267) - Pre-instantiating singletons in org.springframework.beans.factory.support.DefaultListableBeanFactory@1f63402: defining beans [myServiceBean,ForecastCommonServices]; root of factory hierarchy
[2009-09-06 11:21:58,594]DEBUG   672[main] - org.springframework.beans.factory.support.DefaultSingletonBeanRegistry.getSingleton(DefaultSingletonBeanRegistry.java:140) - Creating shared instance of singleton bean 'myServiceBean'
[2009-09-06 11:21:58,595]DEBUG   673[main] - org.springframework.beans.factory.support.AbstractAutowireCapableBeanFactory.createBean(AbstractAutowireCapableBeanFactory.java:344) - Creating instance of bean 'myServiceBean' with merged definition [Root bean: class [edu.unicen.surfforecaster.server.services.MyServiceImplementation]; scope=singleton; abstract=false; lazyInit=false; autowireCandidate=true; autowireMode=0; dependencyCheck=0; factoryBeanName=null; factoryMethodName=null; initMethodName=null; destroyMethodName=null; defined in ServletContext resource [/WEB-INF/services.xml]]
[2009-09-06 11:21:58,626]DEBUG   704[main] - org.springframework.beans.CachedIntrospectionResults.<init>(CachedIntrospectionResults.java:242) - Getting BeanInfo for class [edu.unicen.surfforecaster.server.services.MyServiceImplementation]
[2009-09-06 11:21:58,630]DEBUG   708[main] - org.springframework.beans.CachedIntrospectionResults.<init>(CachedIntrospectionResults.java:258) - Caching PropertyDescriptors for class [edu.unicen.surfforecaster.server.services.MyServiceImplementation]
[2009-09-06 11:21:58,631]DEBUG   709[main] - org.springframework.beans.CachedIntrospectionResults.<init>(CachedIntrospectionResults.java:267) - Found bean property 'class' of type [java.lang.Class]
[2009-09-06 11:21:58,633]DEBUG   711[main] - org.springframework.core.CollectionFactory.createLinkedMapIfPossible(CollectionFactory.java:106) - Creating [java.util.LinkedHashMap]
[2009-09-06 11:21:58,643]DEBUG   721[main] - org.springframework.beans.factory.support.AbstractAutowireCapableBeanFactory.createBean(AbstractAutowireCapableBeanFactory.java:395) - Eagerly caching bean 'myServiceBean' to allow for resolving potential circular references
[2009-09-06 11:21:58,645]DEBUG   723[main] - org.springframework.beans.factory.support.DefaultSingletonBeanRegistry.getSingleton(DefaultSingletonBeanRegistry.java:140) - Creating shared instance of singleton bean 'ForecastCommonServices'
[2009-09-06 11:21:58,646]DEBUG   724[main] - org.springframework.beans.factory.support.AbstractAutowireCapableBeanFactory.createBean(AbstractAutowireCapableBeanFactory.java:344) - Creating instance of bean 'ForecastCommonServices' with merged definition [Root bean: class [edu.unicen.surfforecaster.gwt.server.ForecastCommonServicesImpl]; scope=singleton; abstract=false; lazyInit=false; autowireCandidate=true; autowireMode=0; dependencyCheck=0; factoryBeanName=null; factoryMethodName=null; initMethodName=null; destroyMethodName=null; defined in ServletContext resource [/WEB-INF/applicationContext.xml]]
[2009-09-06 11:21:58,658]DEBUG   736[main] - org.springframework.beans.CachedIntrospectionResults.<init>(CachedIntrospectionResults.java:242) - Getting BeanInfo for class [edu.unicen.surfforecaster.gwt.server.ForecastCommonServicesImpl]
[2009-09-06 11:21:58,693]DEBUG   771[main] - org.springframework.beans.CachedIntrospectionResults.<init>(CachedIntrospectionResults.java:258) - Caching PropertyDescriptors for class [edu.unicen.surfforecaster.gwt.server.ForecastCommonServicesImpl]
[2009-09-06 11:21:58,694]DEBUG   772[main] - org.springframework.beans.CachedIntrospectionResults.<init>(CachedIntrospectionResults.java:267) - Found bean property 'class' of type [java.lang.Class]
[2009-09-06 11:21:58,696]DEBUG   774[main] - org.springframework.beans.CachedIntrospectionResults.<init>(CachedIntrospectionResults.java:267) - Found bean property 'initParameterNames' of type [java.util.Enumeration]
[2009-09-06 11:21:58,697]DEBUG   775[main] - org.springframework.beans.CachedIntrospectionResults.<init>(CachedIntrospectionResults.java:267) - Found bean property 'service' of type [edu.unicen.surfforecaster.common.services.MyServiceI]
[2009-09-06 11:21:58,698]DEBUG   776[main] - org.springframework.beans.CachedIntrospectionResults.<init>(CachedIntrospectionResults.java:267) - Found bean property 'servletConfig' of type [javax.servlet.ServletConfig]
[2009-09-06 11:21:58,698]DEBUG   776[main] - org.springframework.beans.CachedIntrospectionResults.<init>(CachedIntrospectionResults.java:267) - Found bean property 'servletContext' of type [javax.servlet.ServletContext]
[2009-09-06 11:21:58,699]DEBUG   777[main] - org.springframework.beans.CachedIntrospectionResults.<init>(CachedIntrospectionResults.java:267) - Found bean property 'servletInfo' of type [java.lang.String]
[2009-09-06 11:21:58,699]DEBUG   777[main] - org.springframework.beans.CachedIntrospectionResults.<init>(CachedIntrospectionResults.java:267) - Found bean property 'servletName' of type [java.lang.String]
[2009-09-06 11:21:58,700]DEBUG   778[main] - org.springframework.beans.CachedIntrospectionResults.<init>(CachedIntrospectionResults.java:267) - Found bean property 'sessionData' of type [edu.unicen.surfforecaster.gwt.client.SessionData]
[2009-09-06 11:21:58,701]DEBUG   779[main] - org.springframework.core.CollectionFactory.createLinkedMapIfPossible(CollectionFactory.java:106) - Creating [java.util.LinkedHashMap]
[2009-09-06 11:21:58,701]DEBUG   779[main] - org.springframework.beans.factory.support.AbstractAutowireCapableBeanFactory.createBean(AbstractAutowireCapableBeanFactory.java:395) - Eagerly caching bean 'ForecastCommonServices' to allow for resolving potential circular references
[2009-09-06 11:21:58,704]DEBUG   782[main] - org.springframework.beans.factory.support.AbstractBeanFactory.getBean(AbstractBeanFactory.java:203) - Returning cached instance of singleton bean 'myServiceBean'
[2009-09-06 11:21:58,705]DEBUG   783[main] - org.springframework.core.CollectionFactory.createLinkedSetIfPossible(CollectionFactory.java:82) - Creating [java.util.LinkedHashSet]
[2009-09-06 11:21:58,711]DEBUG   789[main] - org.springframework.context.support.AbstractApplicationContext.publishEvent(AbstractApplicationContext.java:244) - Publishing event in context [org.springframework.web.context.support.XmlWebApplicationContext@5d7e06]: org.springframework.context.event.ContextRefreshedEvent[source=org.springframework.web.context.support.XmlWebApplicationContext@5d7e06: display name [Root WebApplicationContext]; startup date [Sun Sep 06 11:21:57 ACT 2009]; root of context hierarchy]
[2009-09-06 11:21:58,712]DEBUG   790[main] - org.springframework.web.context.ContextLoader.initWebApplicationContext(ContextLoader.java:189) - Published root WebApplicationContext as ServletContext attribute with name [org.springframework.web.context.WebApplicationContext.ROOT]
[2009-09-06 11:21:58,714] INFO   792[main] - org.springframework.web.context.ContextLoader.initWebApplicationContext(ContextLoader.java:194) - Root WebApplicationContext: initialization completed in 787 ms
[2009-09-06 11:21:58,776]DEBUG   854[main] - org.apache.jasper.compiler.JspRuntimeContext.<init>(JspRuntimeContext.java:104) - El cargador de clases es: ContextLoader@null
[2009-09-06 11:21:58,778]DEBUG   856[main] - org.apache.jasper.servlet.JspServlet.init(JspServlet.java:80) - El directorio de trabajo para el motor JSP es: C:\Users\esteban\AppData\Local\Temp\Jetty_0_0_0_0_8888_war____masbuh\jsp
[2009-09-06 11:21:58,779]DEBUG   857[main] - org.apache.jasper.servlet.JspServlet.init(JspServlet.java:82) - IMPORTANTE: No modifique los servlets generados
[2009-09-06 11:22:11,159]DEBUG 13237[btpool0-3] - org.springframework.beans.factory.support.AbstractBeanFactory.getBean(AbstractBeanFactory.java:203) - Returning cached instance of singleton bean 'ForecastCommonServices'
[2009-09-06 11:25:12,313]DEBUG194391[main] - org.apache.jasper.servlet.JspServlet.destroy(JspServlet.java:251) - JspServlet.destroy()
[2009-09-06 11:25:12,315] INFO194393[main] - org.springframework.context.support.AbstractApplicationContext.doClose(AbstractApplicationContext.java:642) - Closing org.springframework.web.context.support.XmlWebApplicationContext@5d7e06: display name [Root WebApplicationContext]; startup date [Sun Sep 06 11:21:57 ACT 2009]; root of context hierarchy
[2009-09-06 11:25:12,316]DEBUG194394[main] - org.springframework.context.support.AbstractApplicationContext.publishEvent(AbstractApplicationContext.java:244) - Publishing event in context [org.springframework.web.context.support.XmlWebApplicationContext@5d7e06]: org.springframework.context.event.ContextClosedEvent[source=org.springframework.web.context.support.XmlWebApplicationContext@5d7e06: display name [Root WebApplicationContext]; startup date [Sun Sep 06 11:21:57 ACT 2009]; root of context hierarchy]
[2009-09-06 11:25:12,317] INFO194395[main] - org.springframework.beans.factory.support.DefaultSingletonBeanRegistry.destroySingletons(DefaultSingletonBeanRegistry.java:274) - Destroying singletons in org.springframework.beans.factory.support.DefaultListableBeanFactory@1f63402: defining beans [myServiceBean,ForecastCommonServices]; root of factory hierarchy
[2009-09-06 11:29:01,482] INFO     0[main] - org.springframework.web.context.ContextLoader.initWebApplicationContext(ContextLoader.java:174) - Root WebApplicationContext: initialization started
[2009-09-06 11:29:01,552] INFO    70[main] - org.springframework.context.support.AbstractApplicationContext.refresh(AbstractApplicationContext.java:305) - Refreshing org.springframework.web.context.support.XmlWebApplicationContext@509e85: display name [Root WebApplicationContext]; startup date [Sun Sep 06 11:29:01 ACT 2009]; root of context hierarchy
[2009-09-06 11:29:01,627]DEBUG   145[main] - org.springframework.core.CollectionFactory.createLinkedMapIfPossible(CollectionFactory.java:106) - Creating [java.util.LinkedHashMap]
[2009-09-06 11:29:01,630]DEBUG   148[main] - org.springframework.core.CollectionFactory.createLinkedMapIfPossible(CollectionFactory.java:106) - Creating [java.util.LinkedHashMap]
[2009-09-06 11:29:01,631]DEBUG   149[main] - org.springframework.core.CollectionFactory.createLinkedSetIfPossible(CollectionFactory.java:82) - Creating [java.util.LinkedHashSet]
[2009-09-06 11:29:01,633]DEBUG   151[main] - org.springframework.core.CollectionFactory.createIdentityMapIfPossible(CollectionFactory.java:154) - Creating [java.util.IdentityHashMap]
[2009-09-06 11:29:01,686]DEBUG   204[main] - org.springframework.beans.factory.xml.PluggableSchemaResolver.<init>(PluggableSchemaResolver.java:95) - Loading schema mappings from [META-INF/spring.schemas]
[2009-09-06 11:29:01,688]DEBUG   206[main] - org.springframework.beans.factory.xml.PluggableSchemaResolver.<init>(PluggableSchemaResolver.java:101) - Loaded schema mappings: {http://www.springframework.org/schema/aop/spring-aop-2.0.xsd=org/springframework/aop/config/spring-aop-2.0.xsd, http://www.springframework.org/schema/util/spring-util.xsd=org/springframework/beans/factory/xml/spring-util-2.0.xsd, http://www.springframework.org/schema/util/spring-util-2.0.xsd=org/springframework/beans/factory/xml/spring-util-2.0.xsd, http://www.springframework.org/schema/jee/spring-jee.xsd=org/springframework/ejb/config/spring-jee-2.0.xsd, http://www.springframework.org/schema/beans/spring-beans.xsd=org/springframework/beans/factory/xml/spring-beans-2.0.xsd, http://www.springframework.org/schema/lang/spring-lang-2.0.xsd=org/springframework/scripting/config/spring-lang-2.0.xsd, http://www.springframework.org/schema/tx/spring-tx-2.0.xsd=org/springframework/transaction/config/spring-tx-2.0.xsd, http://www.springframework.org/schema/lang/spring-lang.xsd=org/springframework/scripting/config/spring-lang-2.0.xsd, http://www.springframework.org/schema/tool/spring-tool.xsd=org/springframework/beans/factory/xml/spring-tool-2.0.xsd, http://www.springframework.org/schema/aop/spring-aop.xsd=org/springframework/aop/config/spring-aop-2.0.xsd, http://www.springframework.org/schema/tx/spring-tx.xsd=org/springframework/transaction/config/spring-tx-2.0.xsd, http://www.springframework.org/schema/tool/spring-tool-2.0.xsd=org/springframework/beans/factory/xml/spring-tool-2.0.xsd, http://www.springframework.org/schema/jee/spring-jee-2.0.xsd=org/springframework/ejb/config/spring-jee-2.0.xsd, http://www.springframework.org/schema/beans/spring-beans-2.0.xsd=org/springframework/beans/factory/xml/spring-beans-2.0.xsd}
[2009-09-06 11:29:01,690]DEBUG   208[main] - org.springframework.beans.factory.xml.PluggableSchemaResolver.<init>(PluggableSchemaResolver.java:95) - Loading schema mappings from [META-INF/spring.schemas]
[2009-09-06 11:29:01,692]DEBUG   210[main] - org.springframework.beans.factory.xml.PluggableSchemaResolver.<init>(PluggableSchemaResolver.java:101) - Loaded schema mappings: {http://www.springframework.org/schema/aop/spring-aop-2.0.xsd=org/springframework/aop/config/spring-aop-2.0.xsd, http://www.springframework.org/schema/util/spring-util.xsd=org/springframework/beans/factory/xml/spring-util-2.0.xsd, http://www.springframework.org/schema/util/spring-util-2.0.xsd=org/springframework/beans/factory/xml/spring-util-2.0.xsd, http://www.springframework.org/schema/jee/spring-jee.xsd=org/springframework/ejb/config/spring-jee-2.0.xsd, http://www.springframework.org/schema/beans/spring-beans.xsd=org/springframework/beans/factory/xml/spring-beans-2.0.xsd, http://www.springframework.org/schema/lang/spring-lang-2.0.xsd=org/springframework/scripting/config/spring-lang-2.0.xsd, http://www.springframework.org/schema/tx/spring-tx-2.0.xsd=org/springframework/transaction/config/spring-tx-2.0.xsd, http://www.springframework.org/schema/lang/spring-lang.xsd=org/springframework/scripting/config/spring-lang-2.0.xsd, http://www.springframework.org/schema/tool/spring-tool.xsd=org/springframework/beans/factory/xml/spring-tool-2.0.xsd, http://www.springframework.org/schema/aop/spring-aop.xsd=org/springframework/aop/config/spring-aop-2.0.xsd, http://www.springframework.org/schema/tx/spring-tx.xsd=org/springframework/transaction/config/spring-tx-2.0.xsd, http://www.springframework.org/schema/tool/spring-tool-2.0.xsd=org/springframework/beans/factory/xml/spring-tool-2.0.xsd, http://www.springframework.org/schema/jee/spring-jee-2.0.xsd=org/springframework/ejb/config/spring-jee-2.0.xsd, http://www.springframework.org/schema/beans/spring-beans-2.0.xsd=org/springframework/beans/factory/xml/spring-beans-2.0.xsd}
[2009-09-06 11:29:01,697] INFO   215[main] - org.springframework.beans.factory.xml.XmlBeanDefinitionReader.loadBeanDefinitions(XmlBeanDefinitionReader.java:293) - Loading XML bean definitions from ServletContext resource [/WEB-INF/applicationContext.xml]
[2009-09-06 11:29:01,709]DEBUG   227[main] - org.springframework.beans.factory.xml.DefaultDocumentLoader.loadDocument(DefaultDocumentLoader.java:73) - Using JAXP provider [com.sun.org.apache.xerces.internal.jaxp.DocumentBuilderFactoryImpl]
[2009-09-06 11:29:01,765]DEBUG   283[main] - org.springframework.beans.factory.xml.PluggableSchemaResolver.resolveEntity(PluggableSchemaResolver.java:113) - Trying to resolve XML entity with public id [null] and system id [http://www.springframework.org/schema/beans/spring-beans-2.0.xsd]
[2009-09-06 11:29:01,767]DEBUG   285[main] - org.springframework.beans.factory.xml.PluggableSchemaResolver.resolveEntity(PluggableSchemaResolver.java:124) - Found XML schema [http://www.springframework.org/schema/beans/spring-beans-2.0.xsd] in classpath: org/springframework/beans/factory/xml/spring-beans-2.0.xsd
[2009-09-06 11:29:01,842]DEBUG   360[main] - org.springframework.beans.factory.xml.DefaultNamespaceHandlerResolver.initHandlerMappings(DefaultNamespaceHandlerResolver.java:110) - Loaded mappings [{http://www.springframework.org/schema/p=org.springframework.beans.factory.xml.SimplePropertyNamespaceHandler, http://www.springframework.org/schema/lang=org.springframework.scripting.config.LangNamespaceHandler, http://www.springframework.org/schema/jee=org.springframework.ejb.config.JeeNamespaceHandler, http://www.springframework.org/schema/aop=org.springframework.aop.config.AopNamespaceHandler, http://www.springframework.org/schema/util=org.springframework.beans.factory.xml.UtilNamespaceHandler, http://www.springframework.org/schema/tx=org.springframework.transaction.config.TxNamespaceHandler}]
[2009-09-06 11:29:01,895]DEBUG   413[main] - org.springframework.beans.factory.xml.DefaultBeanDefinitionDocumentReader.registerBeanDefinitions(DefaultBeanDefinitionDocumentReader.java:84) - Loading bean definitions
[2009-09-06 11:29:01,940] INFO   458[main] - org.springframework.beans.factory.xml.XmlBeanDefinitionReader.loadBeanDefinitions(XmlBeanDefinitionReader.java:293) - Loading XML bean definitions from ServletContext resource [/WEB-INF/services.xml]
[2009-09-06 11:29:01,947]DEBUG   465[main] - org.springframework.beans.factory.xml.DefaultDocumentLoader.loadDocument(DefaultDocumentLoader.java:73) - Using JAXP provider [com.sun.org.apache.xerces.internal.jaxp.DocumentBuilderFactoryImpl]
[2009-09-06 11:29:01,949]DEBUG   467[main] - org.springframework.beans.factory.xml.PluggableSchemaResolver.resolveEntity(PluggableSchemaResolver.java:113) - Trying to resolve XML entity with public id [null] and system id [http://www.springframework.org/schema/beans/spring-beans-2.0.xsd]
[2009-09-06 11:29:01,952]DEBUG   470[main] - org.springframework.beans.factory.xml.PluggableSchemaResolver.resolveEntity(PluggableSchemaResolver.java:124) - Found XML schema [http://www.springframework.org/schema/beans/spring-beans-2.0.xsd] in classpath: org/springframework/beans/factory/xml/spring-beans-2.0.xsd
[2009-09-06 11:29:02,009]DEBUG   527[main] - org.springframework.beans.factory.xml.DefaultNamespaceHandlerResolver.initHandlerMappings(DefaultNamespaceHandlerResolver.java:110) - Loaded mappings [{http://www.springframework.org/schema/p=org.springframework.beans.factory.xml.SimplePropertyNamespaceHandler, http://www.springframework.org/schema/lang=org.springframework.scripting.config.LangNamespaceHandler, http://www.springframework.org/schema/jee=org.springframework.ejb.config.JeeNamespaceHandler, http://www.springframework.org/schema/aop=org.springframework.aop.config.AopNamespaceHandler, http://www.springframework.org/schema/util=org.springframework.beans.factory.xml.UtilNamespaceHandler, http://www.springframework.org/schema/tx=org.springframework.transaction.config.TxNamespaceHandler}]
[2009-09-06 11:29:02,010]DEBUG   528[main] - org.springframework.beans.factory.xml.DefaultBeanDefinitionDocumentReader.registerBeanDefinitions(DefaultBeanDefinitionDocumentReader.java:84) - Loading bean definitions
[2009-09-06 11:29:02,033]DEBUG   551[main] - org.springframework.beans.factory.xml.DefaultBeanDefinitionDocumentReader.importBeanDefinitionResource(DefaultBeanDefinitionDocumentReader.java:187) - Imported 1 bean definitions from relative location [services.xml]
[2009-09-06 11:29:02,039]DEBUG   557[main] - org.springframework.beans.factory.support.AbstractBeanDefinitionReader.loadBeanDefinitions(AbstractBeanDefinitionReader.java:149) - Loaded 2 bean definitions from location pattern [/WEB-INF/applicationContext.xml]
[2009-09-06 11:29:02,041] INFO   559[main] - org.springframework.context.support.AbstractApplicationContext.refresh(AbstractApplicationContext.java:317) - Bean factory for application context [org.springframework.web.context.support.XmlWebApplicationContext@509e85]: org.springframework.beans.factory.support.DefaultListableBeanFactory@19847e5
[2009-09-06 11:29:02,041]DEBUG   559[main] - org.springframework.context.support.AbstractApplicationContext.refresh(AbstractApplicationContext.java:321) - 2 beans defined in org.springframework.web.context.support.XmlWebApplicationContext@509e85: display name [Root WebApplicationContext]; startup date [Sun Sep 06 11:29:01 ACT 2009]; root of context hierarchy
[2009-09-06 11:29:02,074]DEBUG   592[main] - org.springframework.beans.factory.support.DefaultListableBeanFactory.getBeanNamesForType(DefaultListableBeanFactory.java:194) - Ignoring bean class loading failure for bean 'myServiceBean'
org.springframework.beans.factory.CannotLoadBeanClassException: Error loading class [edu.unicen.surfforecaster.server.services.MyServiceImplementation] for bean with name 'myServiceBean' defined in ServletContext resource [/WEB-INF/services.xml]: problem with class file or dependent class; nested exception is java.lang.NoClassDefFoundError: edu/unicen/surfforecaster/common/services/MyServiceI
Caused by: java.lang.NoClassDefFoundError: edu/unicen/surfforecaster/common/services/MyServiceI
	at java.lang.ClassLoader.defineClass1(Native Method)
	at java.lang.ClassLoader.defineClass(Unknown Source)
	at java.security.SecureClassLoader.defineClass(Unknown Source)
	at java.net.URLClassLoader.defineClass(Unknown Source)
	at java.net.URLClassLoader.access$000(Unknown Source)
	at java.net.URLClassLoader$1.run(Unknown Source)
	at java.security.AccessController.doPrivileged(Native Method)
	at java.net.URLClassLoader.findClass(Unknown Source)
	at com.google.gwt.dev.shell.jetty.JettyLauncher$WebAppContextWithReload$WebAppClassLoaderExtension.findClass(JettyLauncher.java:334)
	at org.mortbay.jetty.webapp.WebAppClassLoader.loadClass(WebAppClassLoader.java:366)
	at org.mortbay.jetty.webapp.WebAppClassLoader.loadClass(WebAppClassLoader.java:337)
	at org.springframework.util.ClassUtils.forName(ClassUtils.java:201)
	at org.springframework.beans.factory.support.AbstractBeanDefinition.resolveBeanClass(AbstractBeanDefinition.java:325)
	at org.springframework.beans.factory.support.AbstractBeanFactory.resolveBeanClass(AbstractBeanFactory.java:1033)
	at org.springframework.beans.factory.support.AbstractBeanFactory.isBeanClassMatch(AbstractBeanFactory.java:1061)
	at org.springframework.beans.factory.support.DefaultListableBeanFactory.getBeanNamesForType(DefaultListableBeanFactory.java:172)
	at org.springframework.context.support.AbstractApplicationContext.invokeBeanFactoryPostProcessors(AbstractApplicationContext.java:417)
	at org.springframework.context.support.AbstractApplicationContext.refresh(AbstractApplicationContext.java:342)
	at org.springframework.web.context.ContextLoader.createWebApplicationContext(ContextLoader.java:241)
	at org.springframework.web.context.ContextLoader.initWebApplicationContext(ContextLoader.java:184)
	at org.springframework.web.context.ContextLoaderListener.contextInitialized(ContextLoaderListener.java:49)
	at org.mortbay.jetty.handler.ContextHandler.startContext(ContextHandler.java:543)
	at org.mortbay.jetty.servlet.Context.startContext(Context.java:136)
	at org.mortbay.jetty.webapp.WebAppContext.startContext(WebAppContext.java:1220)
	at org.mortbay.jetty.handler.ContextHandler.doStart(ContextHandler.java:513)
	at org.mortbay.jetty.webapp.WebAppContext.doStart(WebAppContext.java:448)
	at com.google.gwt.dev.shell.jetty.JettyLauncher$WebAppContextWithReload.doStart(JettyLauncher.java:427)
	at org.mortbay.component.AbstractLifeCycle.start(AbstractLifeCycle.java:39)
	at org.mortbay.jetty.handler.HandlerWrapper.doStart(HandlerWrapper.java:130)
	at org.mortbay.jetty.handler.RequestLogHandler.doStart(RequestLogHandler.java:115)
	at org.mortbay.component.AbstractLifeCycle.start(AbstractLifeCycle.java:39)
	at org.mortbay.jetty.handler.HandlerWrapper.doStart(HandlerWrapper.java:130)
	at org.mortbay.jetty.Server.doStart(Server.java:222)
	at org.mortbay.component.AbstractLifeCycle.start(AbstractLifeCycle.java:39)
	at com.google.gwt.dev.shell.jetty.JettyLauncher.start(JettyLauncher.java:491)
	at com.google.gwt.dev.HostedMode.doStartUpServer(HostedMode.java:365)
	at com.google.gwt.dev.HostedModeBase.startUp(HostedModeBase.java:590)
	at com.google.gwt.dev.HostedModeBase.run(HostedModeBase.java:397)
	at com.google.gwt.dev.HostedMode.main(HostedMode.java:232)
[2009-09-06 11:29:02,101]DEBUG   619[main] - org.springframework.beans.factory.support.DefaultListableBeanFactory.getBeanNamesForType(DefaultListableBeanFactory.java:194) - Ignoring bean class loading failure for bean 'myServiceBean'
org.springframework.beans.factory.CannotLoadBeanClassException: Error loading class [edu.unicen.surfforecaster.server.services.MyServiceImplementation] for bean with name 'myServiceBean' defined in ServletContext resource [/WEB-INF/services.xml]: problem with class file or dependent class; nested exception is java.lang.NoClassDefFoundError: edu/unicen/surfforecaster/common/services/MyServiceI
Caused by: java.lang.NoClassDefFoundError: edu/unicen/surfforecaster/common/services/MyServiceI
	at java.lang.ClassLoader.defineClass1(Native Method)
	at java.lang.ClassLoader.defineClass(Unknown Source)
	at java.security.SecureClassLoader.defineClass(Unknown Source)
	at java.net.URLClassLoader.defineClass(Unknown Source)
	at java.net.URLClassLoader.access$000(Unknown Source)
	at java.net.URLClassLoader$1.run(Unknown Source)
	at java.security.AccessController.doPrivileged(Native Method)
	at java.net.URLClassLoader.findClass(Unknown Source)
	at com.google.gwt.dev.shell.jetty.JettyLauncher$WebAppContextWithReload$WebAppClassLoaderExtension.findClass(JettyLauncher.java:334)
	at org.mortbay.jetty.webapp.WebAppClassLoader.loadClass(WebAppClassLoader.java:366)
	at org.mortbay.jetty.webapp.WebAppClassLoader.loadClass(WebAppClassLoader.java:337)
	at org.springframework.util.ClassUtils.forName(ClassUtils.java:201)
	at org.springframework.beans.factory.support.AbstractBeanDefinition.resolveBeanClass(AbstractBeanDefinition.java:325)
	at org.springframework.beans.factory.support.AbstractBeanFactory.resolveBeanClass(AbstractBeanFactory.java:1033)
	at org.springframework.beans.factory.support.AbstractBeanFactory.isBeanClassMatch(AbstractBeanFactory.java:1061)
	at org.springframework.beans.factory.support.DefaultListableBeanFactory.getBeanNamesForType(DefaultListableBeanFactory.java:172)
	at org.springframework.context.support.AbstractApplicationContext.registerBeanPostProcessors(AbstractApplicationContext.java:452)
	at org.springframework.context.support.AbstractApplicationContext.refresh(AbstractApplicationContext.java:345)
	at org.springframework.web.context.ContextLoader.createWebApplicationContext(ContextLoader.java:241)
	at org.springframework.web.context.ContextLoader.initWebApplicationContext(ContextLoader.java:184)
	at org.springframework.web.context.ContextLoaderListener.contextInitialized(ContextLoaderListener.java:49)
	at org.mortbay.jetty.handler.ContextHandler.startContext(ContextHandler.java:543)
	at org.mortbay.jetty.servlet.Context.startContext(Context.java:136)
	at org.mortbay.jetty.webapp.WebAppContext.startContext(WebAppContext.java:1220)
	at org.mortbay.jetty.handler.ContextHandler.doStart(ContextHandler.java:513)
	at org.mortbay.jetty.webapp.WebAppContext.doStart(WebAppContext.java:448)
	at com.google.gwt.dev.shell.jetty.JettyLauncher$WebAppContextWithReload.doStart(JettyLauncher.java:427)
	at org.mortbay.component.AbstractLifeCycle.start(AbstractLifeCycle.java:39)
	at org.mortbay.jetty.handler.HandlerWrapper.doStart(HandlerWrapper.java:130)
	at org.mortbay.jetty.handler.RequestLogHandler.doStart(RequestLogHandler.java:115)
	at org.mortbay.component.AbstractLifeCycle.start(AbstractLifeCycle.java:39)
	at org.mortbay.jetty.handler.HandlerWrapper.doStart(HandlerWrapper.java:130)
	at org.mortbay.jetty.Server.doStart(Server.java:222)
	at org.mortbay.component.AbstractLifeCycle.start(AbstractLifeCycle.java:39)
	at com.google.gwt.dev.shell.jetty.JettyLauncher.start(JettyLauncher.java:491)
	at com.google.gwt.dev.HostedMode.doStartUpServer(HostedMode.java:365)
	at com.google.gwt.dev.HostedModeBase.startUp(HostedModeBase.java:590)
	at com.google.gwt.dev.HostedModeBase.run(HostedModeBase.java:397)
	at com.google.gwt.dev.HostedMode.main(HostedMode.java:232)
[2009-09-06 11:29:02,109]DEBUG   627[main] - org.springframework.context.support.AbstractApplicationContext.initMessageSource(AbstractApplicationContext.java:511) - Unable to locate MessageSource with name 'messageSource': using default [org.springframework.context.support.DelegatingMessageSource@1279d82]
[2009-09-06 11:29:02,114]DEBUG   632[main] - org.springframework.core.CollectionFactory.createLinkedSetIfPossible(CollectionFactory.java:82) - Creating [java.util.LinkedHashSet]
[2009-09-06 11:29:02,116]DEBUG   634[main] - org.springframework.context.support.AbstractApplicationContext.initApplicationEventMulticaster(AbstractApplicationContext.java:533) - Unable to locate ApplicationEventMulticaster with name 'applicationEventMulticaster': using default [org.springframework.context.event.SimpleApplicationEventMulticaster@6cfce]
[2009-09-06 11:29:02,127]DEBUG   645[main] - org.springframework.ui.context.support.UiApplicationContextUtils.initThemeSource(UiApplicationContextUtils.java:85) - Unable to locate ThemeSource with name 'themeSource': using default [org.springframework.ui.context.support.ResourceBundleThemeSource@1a34231]
[2009-09-06 11:29:02,131]DEBUG   649[main] - org.springframework.beans.factory.support.DefaultListableBeanFactory.getBeanNamesForType(DefaultListableBeanFactory.java:194) - Ignoring bean class loading failure for bean 'myServiceBean'
org.springframework.beans.factory.CannotLoadBeanClassException: Error loading class [edu.unicen.surfforecaster.server.services.MyServiceImplementation] for bean with name 'myServiceBean' defined in ServletContext resource [/WEB-INF/services.xml]: problem with class file or dependent class; nested exception is java.lang.NoClassDefFoundError: edu/unicen/surfforecaster/common/services/MyServiceI
Caused by: java.lang.NoClassDefFoundError: edu/unicen/surfforecaster/common/services/MyServiceI
	at java.lang.ClassLoader.defineClass1(Native Method)
	at java.lang.ClassLoader.defineClass(Unknown Source)
	at java.security.SecureClassLoader.defineClass(Unknown Source)
	at java.net.URLClassLoader.defineClass(Unknown Source)
	at java.net.URLClassLoader.access$000(Unknown Source)
	at java.net.URLClassLoader$1.run(Unknown Source)
	at java.security.AccessController.doPrivileged(Native Method)
	at java.net.URLClassLoader.findClass(Unknown Source)
	at com.google.gwt.dev.shell.jetty.JettyLauncher$WebAppContextWithReload$WebAppClassLoaderExtension.findClass(JettyLauncher.java:334)
	at org.mortbay.jetty.webapp.WebAppClassLoader.loadClass(WebAppClassLoader.java:366)
	at org.mortbay.jetty.webapp.WebAppClassLoader.loadClass(WebAppClassLoader.java:337)
	at org.springframework.util.ClassUtils.forName(ClassUtils.java:201)
	at org.springframework.beans.factory.support.AbstractBeanDefinition.resolveBeanClass(AbstractBeanDefinition.java:325)
	at org.springframework.beans.factory.support.AbstractBeanFactory.resolveBeanClass(AbstractBeanFactory.java:1033)
	at org.springframework.beans.factory.support.AbstractBeanFactory.isBeanClassMatch(AbstractBeanFactory.java:1061)
	at org.springframework.beans.factory.support.DefaultListableBeanFactory.getBeanNamesForType(DefaultListableBeanFactory.java:172)
	at org.springframework.beans.factory.support.DefaultListableBeanFactory.getBeansOfType(DefaultListableBeanFactory.java:234)
	at org.springframework.context.support.AbstractApplicationContext.getBeansOfType(AbstractApplicationContext.java:766)
	at org.springframework.context.support.AbstractApplicationContext.registerListeners(AbstractApplicationContext.java:562)
	at org.springframework.context.support.AbstractApplicationContext.refresh(AbstractApplicationContext.java:357)
	at org.springframework.web.context.ContextLoader.createWebApplicationContext(ContextLoader.java:241)
	at org.springframework.web.context.ContextLoader.initWebApplicationContext(ContextLoader.java:184)
	at org.springframework.web.context.ContextLoaderListener.contextInitialized(ContextLoaderListener.java:49)
	at org.mortbay.jetty.handler.ContextHandler.startContext(ContextHandler.java:543)
	at org.mortbay.jetty.servlet.Context.startContext(Context.java:136)
	at org.mortbay.jetty.webapp.WebAppContext.startContext(WebAppContext.java:1220)
	at org.mortbay.jetty.handler.ContextHandler.doStart(ContextHandler.java:513)
	at org.mortbay.jetty.webapp.WebAppContext.doStart(WebAppContext.java:448)
	at com.google.gwt.dev.shell.jetty.JettyLauncher$WebAppContextWithReload.doStart(JettyLauncher.java:427)
	at org.mortbay.component.AbstractLifeCycle.start(AbstractLifeCycle.java:39)
	at org.mortbay.jetty.handler.HandlerWrapper.doStart(HandlerWrapper.java:130)
	at org.mortbay.jetty.handler.RequestLogHandler.doStart(RequestLogHandler.java:115)
	at org.mortbay.component.AbstractLifeCycle.start(AbstractLifeCycle.java:39)
	at org.mortbay.jetty.handler.HandlerWrapper.doStart(HandlerWrapper.java:130)
	at org.mortbay.jetty.Server.doStart(Server.java:222)
	at org.mortbay.component.AbstractLifeCycle.start(AbstractLifeCycle.java:39)
	at com.google.gwt.dev.shell.jetty.JettyLauncher.start(JettyLauncher.java:491)
	at com.google.gwt.dev.HostedMode.doStartUpServer(HostedMode.java:365)
	at com.google.gwt.dev.HostedModeBase.startUp(HostedModeBase.java:590)
	at com.google.gwt.dev.HostedModeBase.run(HostedModeBase.java:397)
	at com.google.gwt.dev.HostedMode.main(HostedMode.java:232)
[2009-09-06 11:29:02,136]DEBUG   654[main] - org.springframework.core.CollectionFactory.createLinkedMapIfPossible(CollectionFactory.java:106) - Creating [java.util.LinkedHashMap]
[2009-09-06 11:29:02,137] INFO   655[main] - org.springframework.beans.factory.support.DefaultListableBeanFactory.preInstantiateSingletons(DefaultListableBeanFactory.java:267) - Pre-instantiating singletons in org.springframework.beans.factory.support.DefaultListableBeanFactory@19847e5: defining beans [myServiceBean,ForecastCommonServices]; root of factory hierarchy
[2009-09-06 11:29:02,142] INFO   660[main] - org.springframework.beans.factory.support.DefaultSingletonBeanRegistry.destroySingletons(DefaultSingletonBeanRegistry.java:274) - Destroying singletons in org.springframework.beans.factory.support.DefaultListableBeanFactory@19847e5: defining beans [myServiceBean,ForecastCommonServices]; root of factory hierarchy
[2009-09-06 11:29:02,142]ERROR   660[main] - org.springframework.web.context.ContextLoader.initWebApplicationContext(ContextLoader.java:200) - Context initialization failed
org.springframework.beans.factory.CannotLoadBeanClassException: Error loading class [edu.unicen.surfforecaster.server.services.MyServiceImplementation] for bean with name 'myServiceBean' defined in ServletContext resource [/WEB-INF/services.xml]: problem with class file or dependent class; nested exception is java.lang.NoClassDefFoundError: edu/unicen/surfforecaster/common/services/MyServiceI
Caused by: java.lang.NoClassDefFoundError: edu/unicen/surfforecaster/common/services/MyServiceI
	at java.lang.ClassLoader.defineClass1(Native Method)
	at java.lang.ClassLoader.defineClass(Unknown Source)
	at java.security.SecureClassLoader.defineClass(Unknown Source)
	at java.net.URLClassLoader.defineClass(Unknown Source)
	at java.net.URLClassLoader.access$000(Unknown Source)
	at java.net.URLClassLoader$1.run(Unknown Source)
	at java.security.AccessController.doPrivileged(Native Method)
	at java.net.URLClassLoader.findClass(Unknown Source)
	at com.google.gwt.dev.shell.jetty.JettyLauncher$WebAppContextWithReload$WebAppClassLoaderExtension.findClass(JettyLauncher.java:334)
	at org.mortbay.jetty.webapp.WebAppClassLoader.loadClass(WebAppClassLoader.java:366)
	at org.mortbay.jetty.webapp.WebAppClassLoader.loadClass(WebAppClassLoader.java:337)
	at org.springframework.util.ClassUtils.forName(ClassUtils.java:201)
	at org.springframework.beans.factory.support.AbstractBeanDefinition.resolveBeanClass(AbstractBeanDefinition.java:325)
	at org.springframework.beans.factory.support.AbstractBeanFactory.resolveBeanClass(AbstractBeanFactory.java:1033)
	at org.springframework.beans.factory.support.DefaultListableBeanFactory.preInstantiateSingletons(DefaultListableBeanFactory.java:274)
	at org.springframework.context.support.AbstractApplicationContext.refresh(AbstractApplicationContext.java:360)
	at org.springframework.web.context.ContextLoader.createWebApplicationContext(ContextLoader.java:241)
	at org.springframework.web.context.ContextLoader.initWebApplicationContext(ContextLoader.java:184)
	at org.springframework.web.context.ContextLoaderListener.contextInitialized(ContextLoaderListener.java:49)
	at org.mortbay.jetty.handler.ContextHandler.startContext(ContextHandler.java:543)
	at org.mortbay.jetty.servlet.Context.startContext(Context.java:136)
	at org.mortbay.jetty.webapp.WebAppContext.startContext(WebAppContext.java:1220)
	at org.mortbay.jetty.handler.ContextHandler.doStart(ContextHandler.java:513)
	at org.mortbay.jetty.webapp.WebAppContext.doStart(WebAppContext.java:448)
	at com.google.gwt.dev.shell.jetty.JettyLauncher$WebAppContextWithReload.doStart(JettyLauncher.java:427)
	at org.mortbay.component.AbstractLifeCycle.start(AbstractLifeCycle.java:39)
	at org.mortbay.jetty.handler.HandlerWrapper.doStart(HandlerWrapper.java:130)
	at org.mortbay.jetty.handler.RequestLogHandler.doStart(RequestLogHandler.java:115)
	at org.mortbay.component.AbstractLifeCycle.start(AbstractLifeCycle.java:39)
	at org.mortbay.jetty.handler.HandlerWrapper.doStart(HandlerWrapper.java:130)
	at org.mortbay.jetty.Server.doStart(Server.java:222)
	at org.mortbay.component.AbstractLifeCycle.start(AbstractLifeCycle.java:39)
	at com.google.gwt.dev.shell.jetty.JettyLauncher.start(JettyLauncher.java:491)
	at com.google.gwt.dev.HostedMode.doStartUpServer(HostedMode.java:365)
	at com.google.gwt.dev.HostedModeBase.startUp(HostedModeBase.java:590)
	at com.google.gwt.dev.HostedModeBase.run(HostedModeBase.java:397)
	at com.google.gwt.dev.HostedMode.main(HostedMode.java:232)
[2009-09-06 11:29:51,322] INFO     0[main] - org.springframework.web.context.ContextLoader.initWebApplicationContext(ContextLoader.java:174) - Root WebApplicationContext: initialization started
[2009-09-06 11:29:51,375] INFO    53[main] - org.springframework.context.support.AbstractApplicationContext.refresh(AbstractApplicationContext.java:305) - Refreshing org.springframework.web.context.support.XmlWebApplicationContext@16bc09d: display name [Root WebApplicationContext]; startup date [Sun Sep 06 11:29:51 ACT 2009]; root of context hierarchy
[2009-09-06 11:29:51,434]DEBUG   112[main] - org.springframework.core.CollectionFactory.createLinkedMapIfPossible(CollectionFactory.java:106) - Creating [java.util.LinkedHashMap]
[2009-09-06 11:29:51,436]DEBUG   114[main] - org.springframework.core.CollectionFactory.createLinkedMapIfPossible(CollectionFactory.java:106) - Creating [java.util.LinkedHashMap]
[2009-09-06 11:29:51,437]DEBUG   115[main] - org.springframework.core.CollectionFactory.createLinkedSetIfPossible(CollectionFactory.java:82) - Creating [java.util.LinkedHashSet]
[2009-09-06 11:29:51,438]DEBUG   116[main] - org.springframework.core.CollectionFactory.createIdentityMapIfPossible(CollectionFactory.java:154) - Creating [java.util.IdentityHashMap]
[2009-09-06 11:29:51,490]DEBUG   168[main] - org.springframework.beans.factory.xml.PluggableSchemaResolver.<init>(PluggableSchemaResolver.java:95) - Loading schema mappings from [META-INF/spring.schemas]
[2009-09-06 11:29:51,493]DEBUG   171[main] - org.springframework.beans.factory.xml.PluggableSchemaResolver.<init>(PluggableSchemaResolver.java:101) - Loaded schema mappings: {http://www.springframework.org/schema/aop/spring-aop-2.0.xsd=org/springframework/aop/config/spring-aop-2.0.xsd, http://www.springframework.org/schema/util/spring-util.xsd=org/springframework/beans/factory/xml/spring-util-2.0.xsd, http://www.springframework.org/schema/util/spring-util-2.0.xsd=org/springframework/beans/factory/xml/spring-util-2.0.xsd, http://www.springframework.org/schema/jee/spring-jee.xsd=org/springframework/ejb/config/spring-jee-2.0.xsd, http://www.springframework.org/schema/beans/spring-beans.xsd=org/springframework/beans/factory/xml/spring-beans-2.0.xsd, http://www.springframework.org/schema/lang/spring-lang-2.0.xsd=org/springframework/scripting/config/spring-lang-2.0.xsd, http://www.springframework.org/schema/tx/spring-tx-2.0.xsd=org/springframework/transaction/config/spring-tx-2.0.xsd, http://www.springframework.org/schema/lang/spring-lang.xsd=org/springframework/scripting/config/spring-lang-2.0.xsd, http://www.springframework.org/schema/tool/spring-tool.xsd=org/springframework/beans/factory/xml/spring-tool-2.0.xsd, http://www.springframework.org/schema/aop/spring-aop.xsd=org/springframework/aop/config/spring-aop-2.0.xsd, http://www.springframework.org/schema/tx/spring-tx.xsd=org/springframework/transaction/config/spring-tx-2.0.xsd, http://www.springframework.org/schema/tool/spring-tool-2.0.xsd=org/springframework/beans/factory/xml/spring-tool-2.0.xsd, http://www.springframework.org/schema/jee/spring-jee-2.0.xsd=org/springframework/ejb/config/spring-jee-2.0.xsd, http://www.springframework.org/schema/beans/spring-beans-2.0.xsd=org/springframework/beans/factory/xml/spring-beans-2.0.xsd}
[2009-09-06 11:29:51,494]DEBUG   172[main] - org.springframework.beans.factory.xml.PluggableSchemaResolver.<init>(PluggableSchemaResolver.java:95) - Loading schema mappings from [META-INF/spring.schemas]
[2009-09-06 11:29:51,497]DEBUG   175[main] - org.springframework.beans.factory.xml.PluggableSchemaResolver.<init>(PluggableSchemaResolver.java:101) - Loaded schema mappings: {http://www.springframework.org/schema/aop/spring-aop-2.0.xsd=org/springframework/aop/config/spring-aop-2.0.xsd, http://www.springframework.org/schema/util/spring-util.xsd=org/springframework/beans/factory/xml/spring-util-2.0.xsd, http://www.springframework.org/schema/util/spring-util-2.0.xsd=org/springframework/beans/factory/xml/spring-util-2.0.xsd, http://www.springframework.org/schema/jee/spring-jee.xsd=org/springframework/ejb/config/spring-jee-2.0.xsd, http://www.springframework.org/schema/beans/spring-beans.xsd=org/springframework/beans/factory/xml/spring-beans-2.0.xsd, http://www.springframework.org/schema/lang/spring-lang-2.0.xsd=org/springframework/scripting/config/spring-lang-2.0.xsd, http://www.springframework.org/schema/tx/spring-tx-2.0.xsd=org/springframework/transaction/config/spring-tx-2.0.xsd, http://www.springframework.org/schema/lang/spring-lang.xsd=org/springframework/scripting/config/spring-lang-2.0.xsd, http://www.springframework.org/schema/tool/spring-tool.xsd=org/springframework/beans/factory/xml/spring-tool-2.0.xsd, http://www.springframework.org/schema/aop/spring-aop.xsd=org/springframework/aop/config/spring-aop-2.0.xsd, http://www.springframework.org/schema/tx/spring-tx.xsd=org/springframework/transaction/config/spring-tx-2.0.xsd, http://www.springframework.org/schema/tool/spring-tool-2.0.xsd=org/springframework/beans/factory/xml/spring-tool-2.0.xsd, http://www.springframework.org/schema/jee/spring-jee-2.0.xsd=org/springframework/ejb/config/spring-jee-2.0.xsd, http://www.springframework.org/schema/beans/spring-beans-2.0.xsd=org/springframework/beans/factory/xml/spring-beans-2.0.xsd}
[2009-09-06 11:29:51,501] INFO   179[main] - org.springframework.beans.factory.xml.XmlBeanDefinitionReader.loadBeanDefinitions(XmlBeanDefinitionReader.java:293) - Loading XML bean definitions from ServletContext resource [/WEB-INF/applicationContext.xml]
[2009-09-06 11:29:51,511]DEBUG   189[main] - org.springframework.beans.factory.xml.DefaultDocumentLoader.loadDocument(DefaultDocumentLoader.java:73) - Using JAXP provider [com.sun.org.apache.xerces.internal.jaxp.DocumentBuilderFactoryImpl]
[2009-09-06 11:29:51,569]DEBUG   247[main] - org.springframework.beans.factory.xml.PluggableSchemaResolver.resolveEntity(PluggableSchemaResolver.java:113) - Trying to resolve XML entity with public id [null] and system id [http://www.springframework.org/schema/beans/spring-beans-2.0.xsd]
[2009-09-06 11:29:51,571]DEBUG   249[main] - org.springframework.beans.factory.xml.PluggableSchemaResolver.resolveEntity(PluggableSchemaResolver.java:124) - Found XML schema [http://www.springframework.org/schema/beans/spring-beans-2.0.xsd] in classpath: org/springframework/beans/factory/xml/spring-beans-2.0.xsd
[2009-09-06 11:29:51,647]DEBUG   325[main] - org.springframework.beans.factory.xml.DefaultNamespaceHandlerResolver.initHandlerMappings(DefaultNamespaceHandlerResolver.java:110) - Loaded mappings [{http://www.springframework.org/schema/p=org.springframework.beans.factory.xml.SimplePropertyNamespaceHandler, http://www.springframework.org/schema/lang=org.springframework.scripting.config.LangNamespaceHandler, http://www.springframework.org/schema/jee=org.springframework.ejb.config.JeeNamespaceHandler, http://www.springframework.org/schema/aop=org.springframework.aop.config.AopNamespaceHandler, http://www.springframework.org/schema/util=org.springframework.beans.factory.xml.UtilNamespaceHandler, http://www.springframework.org/schema/tx=org.springframework.transaction.config.TxNamespaceHandler}]
[2009-09-06 11:29:51,698]DEBUG   376[main] - org.springframework.beans.factory.xml.DefaultBeanDefinitionDocumentReader.registerBeanDefinitions(DefaultBeanDefinitionDocumentReader.java:84) - Loading bean definitions
[2009-09-06 11:29:51,723] INFO   401[main] - org.springframework.beans.factory.xml.XmlBeanDefinitionReader.loadBeanDefinitions(XmlBeanDefinitionReader.java:293) - Loading XML bean definitions from ServletContext resource [/WEB-INF/services.xml]
[2009-09-06 11:29:51,730]DEBUG   408[main] - org.springframework.beans.factory.xml.DefaultDocumentLoader.loadDocument(DefaultDocumentLoader.java:73) - Using JAXP provider [com.sun.org.apache.xerces.internal.jaxp.DocumentBuilderFactoryImpl]
[2009-09-06 11:29:51,734]DEBUG   412[main] - org.springframework.beans.factory.xml.PluggableSchemaResolver.resolveEntity(PluggableSchemaResolver.java:113) - Trying to resolve XML entity with public id [null] and system id [http://www.springframework.org/schema/beans/spring-beans-2.0.xsd]
[2009-09-06 11:29:51,740]DEBUG   418[main] - org.springframework.beans.factory.xml.PluggableSchemaResolver.resolveEntity(PluggableSchemaResolver.java:124) - Found XML schema [http://www.springframework.org/schema/beans/spring-beans-2.0.xsd] in classpath: org/springframework/beans/factory/xml/spring-beans-2.0.xsd
[2009-09-06 11:29:51,770]DEBUG   448[main] - org.springframework.beans.factory.xml.DefaultNamespaceHandlerResolver.initHandlerMappings(DefaultNamespaceHandlerResolver.java:110) - Loaded mappings [{http://www.springframework.org/schema/p=org.springframework.beans.factory.xml.SimplePropertyNamespaceHandler, http://www.springframework.org/schema/lang=org.springframework.scripting.config.LangNamespaceHandler, http://www.springframework.org/schema/jee=org.springframework.ejb.config.JeeNamespaceHandler, http://www.springframework.org/schema/aop=org.springframework.aop.config.AopNamespaceHandler, http://www.springframework.org/schema/util=org.springframework.beans.factory.xml.UtilNamespaceHandler, http://www.springframework.org/schema/tx=org.springframework.transaction.config.TxNamespaceHandler}]
[2009-09-06 11:29:51,777]DEBUG   455[main] - org.springframework.beans.factory.xml.DefaultBeanDefinitionDocumentReader.registerBeanDefinitions(DefaultBeanDefinitionDocumentReader.java:84) - Loading bean definitions
[2009-09-06 11:29:51,799]DEBUG   477[main] - org.springframework.beans.factory.xml.DefaultBeanDefinitionDocumentReader.importBeanDefinitionResource(DefaultBeanDefinitionDocumentReader.java:187) - Imported 1 bean definitions from relative location [services.xml]
[2009-09-06 11:29:51,804]DEBUG   482[main] - org.springframework.beans.factory.support.AbstractBeanDefinitionReader.loadBeanDefinitions(AbstractBeanDefinitionReader.java:149) - Loaded 2 bean definitions from location pattern [/WEB-INF/applicationContext.xml]
[2009-09-06 11:29:51,805] INFO   483[main] - org.springframework.context.support.AbstractApplicationContext.refresh(AbstractApplicationContext.java:317) - Bean factory for application context [org.springframework.web.context.support.XmlWebApplicationContext@16bc09d]: org.springframework.beans.factory.support.DefaultListableBeanFactory@5feba
[2009-09-06 11:29:51,806]DEBUG   484[main] - org.springframework.context.support.AbstractApplicationContext.refresh(AbstractApplicationContext.java:321) - 2 beans defined in org.springframework.web.context.support.XmlWebApplicationContext@16bc09d: display name [Root WebApplicationContext]; startup date [Sun Sep 06 11:29:51 ACT 2009]; root of context hierarchy
[2009-09-06 11:29:51,852]DEBUG   530[main] - org.springframework.context.support.AbstractApplicationContext.initMessageSource(AbstractApplicationContext.java:511) - Unable to locate MessageSource with name 'messageSource': using default [org.springframework.context.support.DelegatingMessageSource@1e08f43]
[2009-09-06 11:29:51,856]DEBUG   534[main] - org.springframework.core.CollectionFactory.createLinkedSetIfPossible(CollectionFactory.java:82) - Creating [java.util.LinkedHashSet]
[2009-09-06 11:29:51,858]DEBUG   536[main] - org.springframework.context.support.AbstractApplicationContext.initApplicationEventMulticaster(AbstractApplicationContext.java:533) - Unable to locate ApplicationEventMulticaster with name 'applicationEventMulticaster': using default [org.springframework.context.event.SimpleApplicationEventMulticaster@13bf9ce]
[2009-09-06 11:29:51,864]DEBUG   542[main] - org.springframework.ui.context.support.UiApplicationContextUtils.initThemeSource(UiApplicationContextUtils.java:85) - Unable to locate ThemeSource with name 'themeSource': using default [org.springframework.ui.context.support.ResourceBundleThemeSource@e1bafc]
[2009-09-06 11:29:51,866]DEBUG   544[main] - org.springframework.core.CollectionFactory.createLinkedMapIfPossible(CollectionFactory.java:106) - Creating [java.util.LinkedHashMap]
[2009-09-06 11:29:51,867] INFO   545[main] - org.springframework.beans.factory.support.DefaultListableBeanFactory.preInstantiateSingletons(DefaultListableBeanFactory.java:267) - Pre-instantiating singletons in org.springframework.beans.factory.support.DefaultListableBeanFactory@5feba: defining beans [myServiceBean,ForecastCommonServices]; root of factory hierarchy
[2009-09-06 11:29:51,869]DEBUG   547[main] - org.springframework.beans.factory.support.DefaultSingletonBeanRegistry.getSingleton(DefaultSingletonBeanRegistry.java:140) - Creating shared instance of singleton bean 'myServiceBean'
[2009-09-06 11:29:51,870]DEBUG   548[main] - org.springframework.beans.factory.support.AbstractAutowireCapableBeanFactory.createBean(AbstractAutowireCapableBeanFactory.java:344) - Creating instance of bean 'myServiceBean' with merged definition [Root bean: class [edu.unicen.surfforecaster.server.services.MyServiceImplementation]; scope=singleton; abstract=false; lazyInit=false; autowireCandidate=true; autowireMode=0; dependencyCheck=0; factoryBeanName=null; factoryMethodName=null; initMethodName=null; destroyMethodName=null; defined in ServletContext resource [/WEB-INF/services.xml]]
[2009-09-06 11:29:51,906]DEBUG   584[main] - org.springframework.beans.CachedIntrospectionResults.<init>(CachedIntrospectionResults.java:242) - Getting BeanInfo for class [edu.unicen.surfforecaster.server.services.MyServiceImplementation]
[2009-09-06 11:29:51,910]DEBUG   588[main] - org.springframework.beans.CachedIntrospectionResults.<init>(CachedIntrospectionResults.java:258) - Caching PropertyDescriptors for class [edu.unicen.surfforecaster.server.services.MyServiceImplementation]
[2009-09-06 11:29:51,911]DEBUG   589[main] - org.springframework.beans.CachedIntrospectionResults.<init>(CachedIntrospectionResults.java:267) - Found bean property 'class' of type [java.lang.Class]
[2009-09-06 11:29:51,913]DEBUG   591[main] - org.springframework.core.CollectionFactory.createLinkedMapIfPossible(CollectionFactory.java:106) - Creating [java.util.LinkedHashMap]
[2009-09-06 11:29:51,922]DEBUG   600[main] - org.springframework.beans.factory.support.AbstractAutowireCapableBeanFactory.createBean(AbstractAutowireCapableBeanFactory.java:395) - Eagerly caching bean 'myServiceBean' to allow for resolving potential circular references
[2009-09-06 11:29:51,924]DEBUG   602[main] - org.springframework.beans.factory.support.DefaultSingletonBeanRegistry.getSingleton(DefaultSingletonBeanRegistry.java:140) - Creating shared instance of singleton bean 'ForecastCommonServices'
[2009-09-06 11:29:51,924]DEBUG   602[main] - org.springframework.beans.factory.support.AbstractAutowireCapableBeanFactory.createBean(AbstractAutowireCapableBeanFactory.java:344) - Creating instance of bean 'ForecastCommonServices' with merged definition [Root bean: class [edu.unicen.surfforecaster.gwt.server.ForecastCommonServicesImpl]; scope=singleton; abstract=false; lazyInit=false; autowireCandidate=true; autowireMode=0; dependencyCheck=0; factoryBeanName=null; factoryMethodName=null; initMethodName=null; destroyMethodName=null; defined in ServletContext resource [/WEB-INF/applicationContext.xml]]
[2009-09-06 11:29:51,939]DEBUG   617[main] - org.springframework.beans.CachedIntrospectionResults.<init>(CachedIntrospectionResults.java:242) - Getting BeanInfo for class [edu.unicen.surfforecaster.gwt.server.ForecastCommonServicesImpl]
[2009-09-06 11:29:51,971]DEBUG   649[main] - org.springframework.beans.CachedIntrospectionResults.<init>(CachedIntrospectionResults.java:258) - Caching PropertyDescriptors for class [edu.unicen.surfforecaster.gwt.server.ForecastCommonServicesImpl]
[2009-09-06 11:29:51,972]DEBUG   650[main] - org.springframework.beans.CachedIntrospectionResults.<init>(CachedIntrospectionResults.java:267) - Found bean property 'class' of type [java.lang.Class]
[2009-09-06 11:29:51,973]DEBUG   651[main] - org.springframework.beans.CachedIntrospectionResults.<init>(CachedIntrospectionResults.java:267) - Found bean property 'initParameterNames' of type [java.util.Enumeration]
[2009-09-06 11:29:51,973]DEBUG   651[main] - org.springframework.beans.CachedIntrospectionResults.<init>(CachedIntrospectionResults.java:267) - Found bean property 'service' of type [edu.unicen.surfforecaster.common.services.MyServiceI]
[2009-09-06 11:29:51,973]DEBUG   651[main] - org.springframework.beans.CachedIntrospectionResults.<init>(CachedIntrospectionResults.java:267) - Found bean property 'servletConfig' of type [javax.servlet.ServletConfig]
[2009-09-06 11:29:51,974]DEBUG   652[main] - org.springframework.beans.CachedIntrospectionResults.<init>(CachedIntrospectionResults.java:267) - Found bean property 'servletContext' of type [javax.servlet.ServletContext]
[2009-09-06 11:29:51,975]DEBUG   653[main] - org.springframework.beans.CachedIntrospectionResults.<init>(CachedIntrospectionResults.java:267) - Found bean property 'servletInfo' of type [java.lang.String]
[2009-09-06 11:29:51,977]DEBUG   655[main] - org.springframework.beans.CachedIntrospectionResults.<init>(CachedIntrospectionResults.java:267) - Found bean property 'servletName' of type [java.lang.String]
[2009-09-06 11:29:51,977]DEBUG   655[main] - org.springframework.beans.CachedIntrospectionResults.<init>(CachedIntrospectionResults.java:267) - Found bean property 'sessionData' of type [edu.unicen.surfforecaster.gwt.client.SessionData]
[2009-09-06 11:29:51,978]DEBUG   656[main] - org.springframework.core.CollectionFactory.createLinkedMapIfPossible(CollectionFactory.java:106) - Creating [java.util.LinkedHashMap]
[2009-09-06 11:29:51,978]DEBUG   656[main] - org.springframework.beans.factory.support.AbstractAutowireCapableBeanFactory.createBean(AbstractAutowireCapableBeanFactory.java:395) - Eagerly caching bean 'ForecastCommonServices' to allow for resolving potential circular references
[2009-09-06 11:29:51,981]DEBUG   659[main] - org.springframework.beans.factory.support.AbstractBeanFactory.getBean(AbstractBeanFactory.java:203) - Returning cached instance of singleton bean 'myServiceBean'
[2009-09-06 11:29:51,982]DEBUG   660[main] - org.springframework.core.CollectionFactory.createLinkedSetIfPossible(CollectionFactory.java:82) - Creating [java.util.LinkedHashSet]
[2009-09-06 11:29:51,988]DEBUG   666[main] - org.springframework.context.support.AbstractApplicationContext.publishEvent(AbstractApplicationContext.java:244) - Publishing event in context [org.springframework.web.context.support.XmlWebApplicationContext@16bc09d]: org.springframework.context.event.ContextRefreshedEvent[source=org.springframework.web.context.support.XmlWebApplicationContext@16bc09d: display name [Root WebApplicationContext]; startup date [Sun Sep 06 11:29:51 ACT 2009]; root of context hierarchy]
[2009-09-06 11:29:51,989]DEBUG   667[main] - org.springframework.web.context.ContextLoader.initWebApplicationContext(ContextLoader.java:189) - Published root WebApplicationContext as ServletContext attribute with name [org.springframework.web.context.WebApplicationContext.ROOT]
[2009-09-06 11:29:51,989] INFO   667[main] - org.springframework.web.context.ContextLoader.initWebApplicationContext(ContextLoader.java:194) - Root WebApplicationContext: initialization completed in 661 ms
[2009-09-06 11:29:52,171]DEBUG   849[main] - org.apache.jasper.compiler.JspRuntimeContext.<init>(JspRuntimeContext.java:104) - El cargador de clases es: ContextLoader@null
[2009-09-06 11:29:52,175]DEBUG   853[main] - org.apache.jasper.servlet.JspServlet.init(JspServlet.java:80) - El directorio de trabajo para el motor JSP es: C:\Users\esteban\AppData\Local\Temp\Jetty_0_0_0_0_8888_war____masbuh\jsp
[2009-09-06 11:29:52,176]DEBUG   854[main] - org.apache.jasper.servlet.JspServlet.init(JspServlet.java:82) - IMPORTANTE: No modifique los servlets generados
[2009-09-06 11:30:04,388]DEBUG 13066[btpool0-0] - org.springframework.beans.factory.support.AbstractBeanFactory.getBean(AbstractBeanFactory.java:203) - Returning cached instance of singleton bean 'ForecastCommonServices'
[2009-09-06 11:30:19,666]DEBUG 28344[main] - org.apache.jasper.servlet.JspServlet.destroy(JspServlet.java:251) - JspServlet.destroy()
[2009-09-06 11:30:19,667] INFO 28345[main] - org.springframework.context.support.AbstractApplicationContext.doClose(AbstractApplicationContext.java:642) - Closing org.springframework.web.context.support.XmlWebApplicationContext@16bc09d: display name [Root WebApplicationContext]; startup date [Sun Sep 06 11:29:51 ACT 2009]; root of context hierarchy
[2009-09-06 11:30:19,668]DEBUG 28346[main] - org.springframework.context.support.AbstractApplicationContext.publishEvent(AbstractApplicationContext.java:244) - Publishing event in context [org.springframework.web.context.support.XmlWebApplicationContext@16bc09d]: org.springframework.context.event.ContextClosedEvent[source=org.springframework.web.context.support.XmlWebApplicationContext@16bc09d: display name [Root WebApplicationContext]; startup date [Sun Sep 06 11:29:51 ACT 2009]; root of context hierarchy]
[2009-09-06 11:30:19,669] INFO 28347[main] - org.springframework.beans.factory.support.DefaultSingletonBeanRegistry.destroySingletons(DefaultSingletonBeanRegistry.java:274) - Destroying singletons in org.springframework.beans.factory.support.DefaultListableBeanFactory@5feba: defining beans [myServiceBean,ForecastCommonServices]; root of factory hierarchy
[2009-09-06 11:33:29,696] INFO     0[main] - org.springframework.web.context.ContextLoader.initWebApplicationContext(ContextLoader.java:174) - Root WebApplicationContext: initialization started
[2009-09-06 11:33:29,756] INFO    60[main] - org.springframework.context.support.AbstractApplicationContext.refresh(AbstractApplicationContext.java:305) - Refreshing org.springframework.web.context.support.XmlWebApplicationContext@1031ba: display name [Root WebApplicationContext]; startup date [Sun Sep 06 11:33:29 ACT 2009]; root of context hierarchy
[2009-09-06 11:33:29,830]DEBUG   134[main] - org.springframework.core.CollectionFactory.createLinkedMapIfPossible(CollectionFactory.java:106) - Creating [java.util.LinkedHashMap]
[2009-09-06 11:33:29,832]DEBUG   136[main] - org.springframework.core.CollectionFactory.createLinkedMapIfPossible(CollectionFactory.java:106) - Creating [java.util.LinkedHashMap]
[2009-09-06 11:33:29,833]DEBUG   137[main] - org.springframework.core.CollectionFactory.createLinkedSetIfPossible(CollectionFactory.java:82) - Creating [java.util.LinkedHashSet]
[2009-09-06 11:33:29,834]DEBUG   138[main] - org.springframework.core.CollectionFactory.createIdentityMapIfPossible(CollectionFactory.java:154) - Creating [java.util.IdentityHashMap]
[2009-09-06 11:33:29,886]DEBUG   190[main] - org.springframework.beans.factory.xml.PluggableSchemaResolver.<init>(PluggableSchemaResolver.java:95) - Loading schema mappings from [META-INF/spring.schemas]
[2009-09-06 11:33:29,889]DEBUG   193[main] - org.springframework.beans.factory.xml.PluggableSchemaResolver.<init>(PluggableSchemaResolver.java:101) - Loaded schema mappings: {http://www.springframework.org/schema/aop/spring-aop-2.0.xsd=org/springframework/aop/config/spring-aop-2.0.xsd, http://www.springframework.org/schema/util/spring-util.xsd=org/springframework/beans/factory/xml/spring-util-2.0.xsd, http://www.springframework.org/schema/util/spring-util-2.0.xsd=org/springframework/beans/factory/xml/spring-util-2.0.xsd, http://www.springframework.org/schema/jee/spring-jee.xsd=org/springframework/ejb/config/spring-jee-2.0.xsd, http://www.springframework.org/schema/beans/spring-beans.xsd=org/springframework/beans/factory/xml/spring-beans-2.0.xsd, http://www.springframework.org/schema/lang/spring-lang-2.0.xsd=org/springframework/scripting/config/spring-lang-2.0.xsd, http://www.springframework.org/schema/tx/spring-tx-2.0.xsd=org/springframework/transaction/config/spring-tx-2.0.xsd, http://www.springframework.org/schema/lang/spring-lang.xsd=org/springframework/scripting/config/spring-lang-2.0.xsd, http://www.springframework.org/schema/tool/spring-tool.xsd=org/springframework/beans/factory/xml/spring-tool-2.0.xsd, http://www.springframework.org/schema/aop/spring-aop.xsd=org/springframework/aop/config/spring-aop-2.0.xsd, http://www.springframework.org/schema/tx/spring-tx.xsd=org/springframework/transaction/config/spring-tx-2.0.xsd, http://www.springframework.org/schema/tool/spring-tool-2.0.xsd=org/springframework/beans/factory/xml/spring-tool-2.0.xsd, http://www.springframework.org/schema/jee/spring-jee-2.0.xsd=org/springframework/ejb/config/spring-jee-2.0.xsd, http://www.springframework.org/schema/beans/spring-beans-2.0.xsd=org/springframework/beans/factory/xml/spring-beans-2.0.xsd}
[2009-09-06 11:33:29,890]DEBUG   194[main] - org.springframework.beans.factory.xml.PluggableSchemaResolver.<init>(PluggableSchemaResolver.java:95) - Loading schema mappings from [META-INF/spring.schemas]
[2009-09-06 11:33:29,892]DEBUG   196[main] - org.springframework.beans.factory.xml.PluggableSchemaResolver.<init>(PluggableSchemaResolver.java:101) - Loaded schema mappings: {http://www.springframework.org/schema/aop/spring-aop-2.0.xsd=org/springframework/aop/config/spring-aop-2.0.xsd, http://www.springframework.org/schema/util/spring-util.xsd=org/springframework/beans/factory/xml/spring-util-2.0.xsd, http://www.springframework.org/schema/util/spring-util-2.0.xsd=org/springframework/beans/factory/xml/spring-util-2.0.xsd, http://www.springframework.org/schema/jee/spring-jee.xsd=org/springframework/ejb/config/spring-jee-2.0.xsd, http://www.springframework.org/schema/beans/spring-beans.xsd=org/springframework/beans/factory/xml/spring-beans-2.0.xsd, http://www.springframework.org/schema/lang/spring-lang-2.0.xsd=org/springframework/scripting/config/spring-lang-2.0.xsd, http://www.springframework.org/schema/tx/spring-tx-2.0.xsd=org/springframework/transaction/config/spring-tx-2.0.xsd, http://www.springframework.org/schema/lang/spring-lang.xsd=org/springframework/scripting/config/spring-lang-2.0.xsd, http://www.springframework.org/schema/tool/spring-tool.xsd=org/springframework/beans/factory/xml/spring-tool-2.0.xsd, http://www.springframework.org/schema/aop/spring-aop.xsd=org/springframework/aop/config/spring-aop-2.0.xsd, http://www.springframework.org/schema/tx/spring-tx.xsd=org/springframework/transaction/config/spring-tx-2.0.xsd, http://www.springframework.org/schema/tool/spring-tool-2.0.xsd=org/springframework/beans/factory/xml/spring-tool-2.0.xsd, http://www.springframework.org/schema/jee/spring-jee-2.0.xsd=org/springframework/ejb/config/spring-jee-2.0.xsd, http://www.springframework.org/schema/beans/spring-beans-2.0.xsd=org/springframework/beans/factory/xml/spring-beans-2.0.xsd}
[2009-09-06 11:33:29,896] INFO   200[main] - org.springframework.beans.factory.xml.XmlBeanDefinitionReader.loadBeanDefinitions(XmlBeanDefinitionReader.java:293) - Loading XML bean definitions from ServletContext resource [/WEB-INF/applicationContext.xml]
[2009-09-06 11:33:29,906]DEBUG   210[main] - org.springframework.beans.factory.xml.DefaultDocumentLoader.loadDocument(DefaultDocumentLoader.java:73) - Using JAXP provider [com.sun.org.apache.xerces.internal.jaxp.DocumentBuilderFactoryImpl]
[2009-09-06 11:33:29,964]DEBUG   268[main] - org.springframework.beans.factory.xml.PluggableSchemaResolver.resolveEntity(PluggableSchemaResolver.java:113) - Trying to resolve XML entity with public id [null] and system id [http://www.springframework.org/schema/beans/spring-beans-2.0.xsd]
[2009-09-06 11:33:29,965]DEBUG   269[main] - org.springframework.beans.factory.xml.PluggableSchemaResolver.resolveEntity(PluggableSchemaResolver.java:124) - Found XML schema [http://www.springframework.org/schema/beans/spring-beans-2.0.xsd] in classpath: org/springframework/beans/factory/xml/spring-beans-2.0.xsd
[2009-09-06 11:33:30,037]DEBUG   341[main] - org.springframework.beans.factory.xml.DefaultNamespaceHandlerResolver.initHandlerMappings(DefaultNamespaceHandlerResolver.java:110) - Loaded mappings [{http://www.springframework.org/schema/p=org.springframework.beans.factory.xml.SimplePropertyNamespaceHandler, http://www.springframework.org/schema/lang=org.springframework.scripting.config.LangNamespaceHandler, http://www.springframework.org/schema/jee=org.springframework.ejb.config.JeeNamespaceHandler, http://www.springframework.org/schema/aop=org.springframework.aop.config.AopNamespaceHandler, http://www.springframework.org/schema/util=org.springframework.beans.factory.xml.UtilNamespaceHandler, http://www.springframework.org/schema/tx=org.springframework.transaction.config.TxNamespaceHandler}]
[2009-09-06 11:33:30,093]DEBUG   397[main] - org.springframework.beans.factory.xml.DefaultBeanDefinitionDocumentReader.registerBeanDefinitions(DefaultBeanDefinitionDocumentReader.java:84) - Loading bean definitions
[2009-09-06 11:33:30,123] INFO   427[main] - org.springframework.beans.factory.xml.XmlBeanDefinitionReader.loadBeanDefinitions(XmlBeanDefinitionReader.java:293) - Loading XML bean definitions from ServletContext resource [/WEB-INF/services.xml]
[2009-09-06 11:33:30,130]DEBUG   434[main] - org.springframework.beans.factory.xml.DefaultDocumentLoader.loadDocument(DefaultDocumentLoader.java:73) - Using JAXP provider [com.sun.org.apache.xerces.internal.jaxp.DocumentBuilderFactoryImpl]
[2009-09-06 11:33:30,134]DEBUG   438[main] - org.springframework.beans.factory.xml.PluggableSchemaResolver.resolveEntity(PluggableSchemaResolver.java:113) - Trying to resolve XML entity with public id [null] and system id [http://www.springframework.org/schema/beans/spring-beans-2.0.xsd]
[2009-09-06 11:33:30,137]DEBUG   441[main] - org.springframework.beans.factory.xml.PluggableSchemaResolver.resolveEntity(PluggableSchemaResolver.java:124) - Found XML schema [http://www.springframework.org/schema/beans/spring-beans-2.0.xsd] in classpath: org/springframework/beans/factory/xml/spring-beans-2.0.xsd
[2009-09-06 11:33:30,167]DEBUG   471[main] - org.springframework.beans.factory.xml.DefaultNamespaceHandlerResolver.initHandlerMappings(DefaultNamespaceHandlerResolver.java:110) - Loaded mappings [{http://www.springframework.org/schema/p=org.springframework.beans.factory.xml.SimplePropertyNamespaceHandler, http://www.springframework.org/schema/lang=org.springframework.scripting.config.LangNamespaceHandler, http://www.springframework.org/schema/jee=org.springframework.ejb.config.JeeNamespaceHandler, http://www.springframework.org/schema/aop=org.springframework.aop.config.AopNamespaceHandler, http://www.springframework.org/schema/util=org.springframework.beans.factory.xml.UtilNamespaceHandler, http://www.springframework.org/schema/tx=org.springframework.transaction.config.TxNamespaceHandler}]
[2009-09-06 11:33:30,168]DEBUG   472[main] - org.springframework.beans.factory.xml.DefaultBeanDefinitionDocumentReader.registerBeanDefinitions(DefaultBeanDefinitionDocumentReader.java:84) - Loading bean definitions
[2009-09-06 11:33:30,188]DEBUG   492[main] - org.springframework.beans.factory.xml.DefaultBeanDefinitionDocumentReader.importBeanDefinitionResource(DefaultBeanDefinitionDocumentReader.java:187) - Imported 1 bean definitions from relative location [services.xml]
[2009-09-06 11:33:30,194]DEBUG   498[main] - org.springframework.beans.factory.support.AbstractBeanDefinitionReader.loadBeanDefinitions(AbstractBeanDefinitionReader.java:149) - Loaded 2 bean definitions from location pattern [/WEB-INF/applicationContext.xml]
[2009-09-06 11:33:30,195] INFO   499[main] - org.springframework.context.support.AbstractApplicationContext.refresh(AbstractApplicationContext.java:317) - Bean factory for application context [org.springframework.web.context.support.XmlWebApplicationContext@1031ba]: org.springframework.beans.factory.support.DefaultListableBeanFactory@5feba
[2009-09-06 11:33:30,196]DEBUG   500[main] - org.springframework.context.support.AbstractApplicationContext.refresh(AbstractApplicationContext.java:321) - 2 beans defined in org.springframework.web.context.support.XmlWebApplicationContext@1031ba: display name [Root WebApplicationContext]; startup date [Sun Sep 06 11:33:29 ACT 2009]; root of context hierarchy
[2009-09-06 11:33:30,243]DEBUG   547[main] - org.springframework.context.support.AbstractApplicationContext.initMessageSource(AbstractApplicationContext.java:511) - Unable to locate MessageSource with name 'messageSource': using default [org.springframework.context.support.DelegatingMessageSource@4a9acb]
[2009-09-06 11:33:30,250]DEBUG   554[main] - org.springframework.core.CollectionFactory.createLinkedSetIfPossible(CollectionFactory.java:82) - Creating [java.util.LinkedHashSet]
[2009-09-06 11:33:30,251]DEBUG   555[main] - org.springframework.context.support.AbstractApplicationContext.initApplicationEventMulticaster(AbstractApplicationContext.java:533) - Unable to locate ApplicationEventMulticaster with name 'applicationEventMulticaster': using default [org.springframework.context.event.SimpleApplicationEventMulticaster@4eeb54]
[2009-09-06 11:33:30,257]DEBUG   561[main] - org.springframework.ui.context.support.UiApplicationContextUtils.initThemeSource(UiApplicationContextUtils.java:85) - Unable to locate ThemeSource with name 'themeSource': using default [org.springframework.ui.context.support.ResourceBundleThemeSource@8a3223]
[2009-09-06 11:33:30,259]DEBUG   563[main] - org.springframework.core.CollectionFactory.createLinkedMapIfPossible(CollectionFactory.java:106) - Creating [java.util.LinkedHashMap]
[2009-09-06 11:33:30,260] INFO   564[main] - org.springframework.beans.factory.support.DefaultListableBeanFactory.preInstantiateSingletons(DefaultListableBeanFactory.java:267) - Pre-instantiating singletons in org.springframework.beans.factory.support.DefaultListableBeanFactory@5feba: defining beans [myServiceBean,ForecastCommonServices]; root of factory hierarchy
[2009-09-06 11:33:30,263]DEBUG   567[main] - org.springframework.beans.factory.support.DefaultSingletonBeanRegistry.getSingleton(DefaultSingletonBeanRegistry.java:140) - Creating shared instance of singleton bean 'myServiceBean'
[2009-09-06 11:33:30,264]DEBUG   568[main] - org.springframework.beans.factory.support.AbstractAutowireCapableBeanFactory.createBean(AbstractAutowireCapableBeanFactory.java:344) - Creating instance of bean 'myServiceBean' with merged definition [Root bean: class [edu.unicen.surfforecaster.server.services.MyServiceImplementation]; scope=singleton; abstract=false; lazyInit=false; autowireCandidate=true; autowireMode=0; dependencyCheck=0; factoryBeanName=null; factoryMethodName=null; initMethodName=null; destroyMethodName=null; defined in ServletContext resource [/WEB-INF/services.xml]]
[2009-09-06 11:33:30,292]DEBUG   596[main] - org.springframework.beans.CachedIntrospectionResults.<init>(CachedIntrospectionResults.java:242) - Getting BeanInfo for class [edu.unicen.surfforecaster.server.services.MyServiceImplementation]
[2009-09-06 11:33:30,300]DEBUG   604[main] - org.springframework.beans.CachedIntrospectionResults.<init>(CachedIntrospectionResults.java:258) - Caching PropertyDescriptors for class [edu.unicen.surfforecaster.server.services.MyServiceImplementation]
[2009-09-06 11:33:30,301]DEBUG   605[main] - org.springframework.beans.CachedIntrospectionResults.<init>(CachedIntrospectionResults.java:267) - Found bean property 'class' of type [java.lang.Class]
[2009-09-06 11:33:30,304]DEBUG   608[main] - org.springframework.core.CollectionFactory.createLinkedMapIfPossible(CollectionFactory.java:106) - Creating [java.util.LinkedHashMap]
[2009-09-06 11:33:30,313]DEBUG   617[main] - org.springframework.beans.factory.support.AbstractAutowireCapableBeanFactory.createBean(AbstractAutowireCapableBeanFactory.java:395) - Eagerly caching bean 'myServiceBean' to allow for resolving potential circular references
[2009-09-06 11:33:30,315]DEBUG   619[main] - org.springframework.beans.factory.support.DefaultSingletonBeanRegistry.getSingleton(DefaultSingletonBeanRegistry.java:140) - Creating shared instance of singleton bean 'ForecastCommonServices'
[2009-09-06 11:33:30,315]DEBUG   619[main] - org.springframework.beans.factory.support.AbstractAutowireCapableBeanFactory.createBean(AbstractAutowireCapableBeanFactory.java:344) - Creating instance of bean 'ForecastCommonServices' with merged definition [Root bean: class [edu.unicen.surfforecaster.gwt.server.ForecastCommonServicesImpl]; scope=singleton; abstract=false; lazyInit=false; autowireCandidate=true; autowireMode=0; dependencyCheck=0; factoryBeanName=null; factoryMethodName=null; initMethodName=null; destroyMethodName=null; defined in ServletContext resource [/WEB-INF/applicationContext.xml]]
[2009-09-06 11:33:30,332]DEBUG   636[main] - org.springframework.beans.CachedIntrospectionResults.<init>(CachedIntrospectionResults.java:242) - Getting BeanInfo for class [edu.unicen.surfforecaster.gwt.server.ForecastCommonServicesImpl]
[2009-09-06 11:33:30,367]DEBUG   671[main] - org.springframework.beans.CachedIntrospectionResults.<init>(CachedIntrospectionResults.java:258) - Caching PropertyDescriptors for class [edu.unicen.surfforecaster.gwt.server.ForecastCommonServicesImpl]
[2009-09-06 11:33:30,368]DEBUG   672[main] - org.springframework.beans.CachedIntrospectionResults.<init>(CachedIntrospectionResults.java:267) - Found bean property 'class' of type [java.lang.Class]
[2009-09-06 11:33:30,369]DEBUG   673[main] - org.springframework.beans.CachedIntrospectionResults.<init>(CachedIntrospectionResults.java:267) - Found bean property 'initParameterNames' of type [java.util.Enumeration]
[2009-09-06 11:33:30,369]DEBUG   673[main] - org.springframework.beans.CachedIntrospectionResults.<init>(CachedIntrospectionResults.java:267) - Found bean property 'service' of type [edu.unicen.surfforecaster.common.services.MyServiceI]
[2009-09-06 11:33:30,370]DEBUG   674[main] - org.springframework.beans.CachedIntrospectionResults.<init>(CachedIntrospectionResults.java:267) - Found bean property 'servletConfig' of type [javax.servlet.ServletConfig]
[2009-09-06 11:33:30,370]DEBUG   674[main] - org.springframework.beans.CachedIntrospectionResults.<init>(CachedIntrospectionResults.java:267) - Found bean property 'servletContext' of type [javax.servlet.ServletContext]
[2009-09-06 11:33:30,371]DEBUG   675[main] - org.springframework.beans.CachedIntrospectionResults.<init>(CachedIntrospectionResults.java:267) - Found bean property 'servletInfo' of type [java.lang.String]
[2009-09-06 11:33:30,372]DEBUG   676[main] - org.springframework.beans.CachedIntrospectionResults.<init>(CachedIntrospectionResults.java:267) - Found bean property 'servletName' of type [java.lang.String]
[2009-09-06 11:33:30,372]DEBUG   676[main] - org.springframework.beans.CachedIntrospectionResults.<init>(CachedIntrospectionResults.java:267) - Found bean property 'sessionData' of type [edu.unicen.surfforecaster.gwt.client.SessionData]
[2009-09-06 11:33:30,375]DEBUG   679[main] - org.springframework.core.CollectionFactory.createLinkedMapIfPossible(CollectionFactory.java:106) - Creating [java.util.LinkedHashMap]
[2009-09-06 11:33:30,375]DEBUG   679[main] - org.springframework.beans.factory.support.AbstractAutowireCapableBeanFactory.createBean(AbstractAutowireCapableBeanFactory.java:395) - Eagerly caching bean 'ForecastCommonServices' to allow for resolving potential circular references
[2009-09-06 11:33:30,378]DEBUG   682[main] - org.springframework.beans.factory.support.AbstractBeanFactory.getBean(AbstractBeanFactory.java:203) - Returning cached instance of singleton bean 'myServiceBean'
[2009-09-06 11:33:30,379]DEBUG   683[main] - org.springframework.core.CollectionFactory.createLinkedSetIfPossible(CollectionFactory.java:82) - Creating [java.util.LinkedHashSet]
[2009-09-06 11:33:30,386]DEBUG   690[main] - org.springframework.context.support.AbstractApplicationContext.publishEvent(AbstractApplicationContext.java:244) - Publishing event in context [org.springframework.web.context.support.XmlWebApplicationContext@1031ba]: org.springframework.context.event.ContextRefreshedEvent[source=org.springframework.web.context.support.XmlWebApplicationContext@1031ba: display name [Root WebApplicationContext]; startup date [Sun Sep 06 11:33:29 ACT 2009]; root of context hierarchy]
[2009-09-06 11:33:30,387]DEBUG   691[main] - org.springframework.web.context.ContextLoader.initWebApplicationContext(ContextLoader.java:189) - Published root WebApplicationContext as ServletContext attribute with name [org.springframework.web.context.WebApplicationContext.ROOT]
[2009-09-06 11:33:30,388] INFO   692[main] - org.springframework.web.context.ContextLoader.initWebApplicationContext(ContextLoader.java:194) - Root WebApplicationContext: initialization completed in 685 ms
[2009-09-06 11:33:30,445]DEBUG   749[main] - org.apache.jasper.compiler.JspRuntimeContext.<init>(JspRuntimeContext.java:104) - El cargador de clases es: ContextLoader@null
[2009-09-06 11:33:30,449]DEBUG   753[main] - org.apache.jasper.servlet.JspServlet.init(JspServlet.java:80) - El directorio de trabajo para el motor JSP es: C:\Users\esteban\AppData\Local\Temp\Jetty_0_0_0_0_8888_war____masbuh\jsp
[2009-09-06 11:33:30,449]DEBUG   753[main] - org.apache.jasper.servlet.JspServlet.init(JspServlet.java:82) - IMPORTANTE: No modifique los servlets generados
[2009-09-06 11:33:43,005]DEBUG 13309[btpool0-2] - org.springframework.beans.factory.support.AbstractBeanFactory.getBean(AbstractBeanFactory.java:203) - Returning cached instance of singleton bean 'ForecastCommonServices'
